============================================================
Time  2019/03/22 02:03:12 832 
============================================================
[2019/03/22 02:03:12 832] tts        811  SYS_MSG_REGCB param0 =  msp_status_cb  param1 =  func(cc033d60) 
[2019/03/22 02:03:12 833] config     43   use general cloud  
[2019/03/22 02:03:12 835] tts_cloud  1438 SYS_MSG_REGCB_CLOUD param0 =   msp_status_cb  param1 =  func(cc033d60) 
[2019/03/22 02:03:12 835] tts        782  TTS_MSG_SSB  
[2019/03/22 02:03:12 836] tts        434  params =  engine_type = local,voice_name=xiaoyan, text_encoding = UTF8, tts_res_path = fo|res/tts/xiaoyan.jet;fo|res/tts/common.jet, sample_rate = 16000, speed = 50, volume = 50, pitch = 50, rdn = 2  
[2019/03/22 02:03:12 836] tts        273  auf=audio/L16;rate=16000  
[2019/03/22 02:03:12 836] tts        273  auf=audio/L16;rate=16000  
[2019/03/22 02:03:12 836] tts        471  ssb|use local  
[2019/03/22 02:03:12 836] tts        385  local_session_begin  
[2019/03/22 02:03:12 837] tts        789  TTS_MSG_SYN  0  
[2019/03/22 02:03:12 837] tts        514  synth|use local  
[2019/03/22 02:03:12 843] tts        301  TTS_LOCAL_CB_BEGIN  
[2019/03/22 02:03:12 843] tts        317  TTS_LOCAL_CB_OUTPUT  101  udata(cc0313e8) 9  
[2019/03/22 02:03:12 843] tts        321  udata(cc0313e8) 9  
[2019/03/22 02:03:12 843] tts        317  TTS_LOCAL_CB_OUTPUT  101  udata(cc031598) 9  
[2019/03/22 02:03:12 843] tts        321  udata(cc031598) 9  
[2019/03/22 02:03:12 843] tts        317  TTS_LOCAL_CB_OUTPUT  101  udata(cc031698) 9  
[2019/03/22 02:03:12 843] tts        321  udata(cc031698) 9  
[2019/03/22 02:03:12 843] tts        792  TTS_MSG_GETAUDIO  0  
[2019/03/22 02:03:12 843] tts        557  get audio|use local  
[2019/03/22 02:03:12 843] tts        570  local audiolen:  212  ,ced:  9  
[2019/03/22 02:03:12 843] tts        599  0  udata(cc031918) 1  
[2019/03/22 02:03:12 843] tts        792  TTS_MSG_GETAUDIO  0  
[2019/03/22 02:03:12 843] tts        557  get audio|use local  
[2019/03/22 02:03:12 843] tts        570  local audiolen:  4340  ,ced:  9  
[2019/03/22 02:03:12 843] tts        599  0  udata(cc271398) 1  
[2019/03/22 02:03:12 843] tts        792  TTS_MSG_GETAUDIO  0  
[2019/03/22 02:03:12 843] tts        557  get audio|use local  
[2019/03/22 02:03:12 843] tts        570  local audiolen:  7228  ,ced:  9  
[2019/03/22 02:03:12 843] tts        599  0  udata(cc2587f8) 1  
[2019/03/22 02:03:12 843] tts        792  TTS_MSG_GETAUDIO  0  
[2019/03/22 02:03:12 843] tts        557  get audio|use local  
[2019/03/22 02:03:12 844] tts        599  0  nil  1  
[2019/03/22 02:03:12 846] tts        792  TTS_MSG_GETAUDIO  0  
[2019/03/22 02:03:12 846] tts        557  get audio|use local  
[2019/03/22 02:03:12 846] tts        599  0  nil  1  
[2019/03/22 02:03:12 846] tts        792  TTS_MSG_GETAUDIO  0  
[2019/03/22 02:03:12 846] tts        557  get audio|use local  
[2019/03/22 02:03:12 846] tts        599  0  nil  1  
[2019/03/22 02:03:12 846] tts        792  TTS_MSG_GETAUDIO  0  
[2019/03/22 02:03:12 846] tts        557  get audio|use local  
[2019/03/22 02:03:12 846] tts        599  0  nil  1  
[2019/03/22 02:03:12 846] tts        792  TTS_MSG_GETAUDIO  0  
[2019/03/22 02:03:12 846] tts        557  get audio|use local  
[2019/03/22 02:03:12 846] tts        599  0  nil  1  
[2019/03/22 02:03:12 846] tts        792  TTS_MSG_GETAUDIO  0  
[2019/03/22 02:03:12 846] tts        557  get audio|use local  
[2019/03/22 02:03:12 846] tts        599  0  nil  1  
[2019/03/22 02:03:12 846] tts        792  TTS_MSG_GETAUDIO  0  
[2019/03/22 02:03:12 846] tts        557  get audio|use local  
[2019/03/22 02:03:12 846] tts        599  0  nil  1  
[2019/03/22 02:03:12 846] tts        792  TTS_MSG_GETAUDIO  0  
[2019/03/22 02:03:12 846] tts        557  get audio|use local  
[2019/03/22 02:03:12 846] tts        599  0  nil  1  
[2019/03/22 02:03:12 846] tts        792  TTS_MSG_GETAUDIO  0  
[2019/03/22 02:03:12 847] tts        557  get audio|use local  
[2019/03/22 02:03:12 847] tts        599  0  nil  1  
[2019/03/22 02:03:12 847] tts        792  TTS_MSG_GETAUDIO  0  
[2019/03/22 02:03:12 847] tts        557  get audio|use local  
[2019/03/22 02:03:12 847] tts        599  0  nil  1  
[2019/03/22 02:03:12 847] tts        792  TTS_MSG_GETAUDIO  0  
[2019/03/22 02:03:12 847] tts        557  get audio|use local  
[2019/03/22 02:03:12 847] tts        599  0  nil  1  
[2019/03/22 02:03:12 847] tts        792  TTS_MSG_GETAUDIO  0  
[2019/03/22 02:03:12 847] tts        557  get audio|use local  
[2019/03/22 02:03:12 847] tts        599  0  nil  1  
[2019/03/22 02:03:12 847] tts        792  TTS_MSG_GETAUDIO  0  
[2019/03/22 02:03:12 847] tts        557  get audio|use local  
[2019/03/22 02:03:12 847] tts        599  0  nil  1  
[2019/03/22 02:03:12 847] tts        792  TTS_MSG_GETAUDIO  0  
[2019/03/22 02:03:12 847] tts        557  get audio|use local  
[2019/03/22 02:03:12 847] tts        599  0  nil  1  
[2019/03/22 02:03:12 847] tts        792  TTS_MSG_GETAUDIO  0  
[2019/03/22 02:03:12 847] tts        557  get audio|use local  
[2019/03/22 02:03:12 847] tts        599  0  nil  1  
[2019/03/22 02:03:12 848] tts        792  TTS_MSG_GETAUDIO  0  
[2019/03/22 02:03:12 848] tts        557  get audio|use local  
[2019/03/22 02:03:12 848] tts        599  0  nil  1  
[2019/03/22 02:03:12 848] tts        792  TTS_MSG_GETAUDIO  0  
[2019/03/22 02:03:12 848] tts        557  get audio|use local  
[2019/03/22 02:03:12 848] tts        599  0  nil  1  
[2019/03/22 02:03:12 848] tts        792  TTS_MSG_GETAUDIO  0  
[2019/03/22 02:03:12 848] tts        557  get audio|use local  
[2019/03/22 02:03:12 848] tts        599  0  nil  1  
[2019/03/22 02:03:12 848] tts        317  TTS_LOCAL_CB_OUTPUT  101  udata(cc258908) 9  
[2019/03/22 02:03:12 848] tts        321  udata(cc258908) 9  
[2019/03/22 02:03:12 849] tts        792  TTS_MSG_GETAUDIO  0  
[2019/03/22 02:03:12 849] tts        557  get audio|use local  
[2019/03/22 02:03:12 849] tts        570  local audiolen:  7982  ,ced:  9  
[2019/03/22 02:03:12 849] tts        599  0  udata(cc2588a8) 1  
[2019/03/22 02:03:12 849] tts        792  TTS_MSG_GETAUDIO  0  
[2019/03/22 02:03:12 849] tts        557  get audio|use local  
[2019/03/22 02:03:12 849] tts        599  0  nil  1  
[2019/03/22 02:03:12 849] tts        792  TTS_MSG_GETAUDIO  0  
[2019/03/22 02:03:12 849] tts        557  get audio|use local  
[2019/03/22 02:03:12 849] tts        599  0  nil  1  
[2019/03/22 02:03:12 849] tts        317  TTS_LOCAL_CB_OUTPUT  101  udata(cc271488) 9  
[2019/03/22 02:03:12 849] tts        321  udata(cc271488) 9  
[2019/03/22 02:03:12 849] tts        792  TTS_MSG_GETAUDIO  0  
[2019/03/22 02:03:12 849] tts        557  get audio|use local  
[2019/03/22 02:03:12 849] tts        570  local audiolen:  8520  ,ced:  9  
[2019/03/22 02:03:12 849] tts        599  0  udata(cc271588) 1  
[2019/03/22 02:03:12 850] tts        303  0  0  
[2019/03/22 02:03:12 850] tts        314  TTS_LOCAL_CB_END,  2  
[2019/03/22 02:03:12 850] tts        792  TTS_MSG_GETAUDIO  0  
[2019/03/22 02:03:12 850] tts        557  get audio|use local  
[2019/03/22 02:03:12 850] tts        599  0  nil  2  
[2019/03/22 02:03:12 850] tts        795  TTS_MSG_SSE  
[2019/03/22 02:03:12 850] tts        693  sse|use local  
[2019/03/22 02:03:12 854] tts        711  tts exit  
[2019/03/22 02:03:12 854] tts        802  SYS_MSG_UNLOAD  
