============================================================
Time  2019/03/22 01:15:29 639 
============================================================
[2019/03/22 01:15:29 639] tts        811  SYS_MSG_REGCB param0 =  msp_status_cb  param1 =  func(ed33a660) 
[2019/03/22 01:15:29 640] config     43   use general cloud  
[2019/03/22 01:15:29 642] tts_cloud  1438 SYS_MSG_REGCB_CLOUD param0 =   msp_status_cb  param1 =  func(ed33a660) 
[2019/03/22 01:15:29 642] tts        782  TTS_MSG_SSB  
[2019/03/22 01:15:29 642] tts        434  params =  engine_type = local,voice_name=xiaoyan, text_encoding = UTF8, tts_res_path = fo|res/tts/xiaoyan.jet;fo|res/tts/common.jet, sample_rate = 16000, speed = 50, volume = 50, pitch = 50, rdn = 2  
[2019/03/22 01:15:29 642] tts        273  auf=audio/L16;rate=16000  
[2019/03/22 01:15:29 642] tts        273  auf=audio/L16;rate=16000  
[2019/03/22 01:15:29 642] tts        471  ssb|use local  
[2019/03/22 01:15:29 642] tts        385  local_session_begin  
[2019/03/22 01:15:29 643] tts        789  TTS_MSG_SYN  0  
[2019/03/22 01:15:29 643] tts        514  synth|use local  
[2019/03/22 01:15:29 646] tts        301  TTS_LOCAL_CB_BEGIN  
[2019/03/22 01:15:29 646] tts        317  TTS_LOCAL_CB_OUTPUT  101  udata(180021e8) 6  
[2019/03/22 01:15:29 647] tts        321  udata(180021e8) 6  
[2019/03/22 01:15:29 647] tts        792  TTS_MSG_GETAUDIO  0  
[2019/03/22 01:15:29 647] tts        557  get audio|use local  
[2019/03/22 01:15:29 647] tts        570  local audiolen:  212  ,ced:  6  
[2019/03/22 01:15:29 647] tts        599  0  udata(180024b8) 1  
[2019/03/22 01:15:29 648] tts        317  TTS_LOCAL_CB_OUTPUT  101  udata(18002508) 6  
[2019/03/22 01:15:29 648] tts        321  udata(18002508) 6  
[2019/03/22 01:15:29 648] tts        792  TTS_MSG_GETAUDIO  0  
[2019/03/22 01:15:29 648] tts        557  get audio|use local  
[2019/03/22 01:15:29 648] tts        570  local audiolen:  9316  ,ced:  6  
[2019/03/22 01:15:29 649] tts        599  0  udata(18024cf8) 1  
[2019/03/22 01:15:29 649] tts        317  TTS_LOCAL_CB_OUTPUT  101  udata(18024d48) 6  
[2019/03/22 01:15:29 649] tts        321  udata(18024d48) 6  
[2019/03/22 01:15:29 650] tts        317  TTS_LOCAL_CB_OUTPUT  101  udata(18024e48) 6  
[2019/03/22 01:15:29 650] tts        321  udata(18024e48) 6  
[2019/03/22 01:15:29 650] tts        303  0  0  
[2019/03/22 01:15:29 650] tts        314  TTS_LOCAL_CB_END,  2  
[2019/03/22 01:15:29 650] tts        792  TTS_MSG_GETAUDIO  0  
[2019/03/22 01:15:29 650] tts        557  get audio|use local  
[2019/03/22 01:15:29 650] tts        570  local audiolen:  4024  ,ced:  6  
[2019/03/22 01:15:29 650] tts        599  0  udata(180659b8) 1  
[2019/03/22 01:15:29 650] tts        792  TTS_MSG_GETAUDIO  0  
[2019/03/22 01:15:29 650] tts        557  get audio|use local  
[2019/03/22 01:15:29 650] tts        570  local audiolen:  4306  ,ced:  6  
[2019/03/22 01:15:29 650] tts        599  0  udata(18065a08) 2  
[2019/03/22 01:15:29 650] tts        795  TTS_MSG_SSE  
[2019/03/22 01:15:29 650] tts        693  sse|use local  
[2019/03/22 01:15:29 656] tts        711  tts exit  
[2019/03/22 01:15:29 656] tts        802  SYS_MSG_UNLOAD  
