============================================================
Time  2019/03/22 00:52:35 319 
============================================================
[2019/03/22 00:52:35 319] tts        811  SYS_MSG_REGCB param0 =  msp_status_cb  param1 =  func(300165d0) 
[2019/03/22 00:52:35 320] config     43   use general cloud  
[2019/03/22 00:52:35 322] tts_cloud  1438 SYS_MSG_REGCB_CLOUD param0 =   msp_status_cb  param1 =  func(300165d0) 
[2019/03/22 00:52:35 322] tts        782  TTS_MSG_SSB  
[2019/03/22 00:52:35 322] tts        434  params =  engine_type = local,voice_name=xiaoyan, text_encoding = UTF8, tts_res_path = fo|res/tts/xiaoyan.jet;fo|res/tts/common.jet, sample_rate = 16000, speed = 50, volume = 50, pitch = 50, rdn = 2  
[2019/03/22 00:52:35 323] tts        273  auf=audio/L16;rate=16000  
[2019/03/22 00:52:35 323] tts        273  auf=audio/L16;rate=16000  
[2019/03/22 00:52:35 323] tts        471  ssb|use local  
[2019/03/22 00:52:35 323] tts        385  local_session_begin  
[2019/03/22 00:52:35 328] tts        789  TTS_MSG_SYN  0  
[2019/03/22 00:52:35 328] tts        514  synth|use local  
[2019/03/22 00:52:35 328] tts        792  TTS_MSG_GETAUDIO  0  
[2019/03/22 00:52:35 328] tts        557  get audio|use local  
[2019/03/22 00:52:35 328] tts        599  0  nil  1  
[2019/03/22 00:52:35 329] tts        792  TTS_MSG_GETAUDIO  0  
[2019/03/22 00:52:35 329] tts        557  get audio|use local  
[2019/03/22 00:52:35 329] tts        599  0  nil  1  
[2019/03/22 00:52:35 329] tts        792  TTS_MSG_GETAUDIO  0  
[2019/03/22 00:52:35 329] tts        557  get audio|use local  
[2019/03/22 00:52:35 329] tts        599  0  nil  1  
[2019/03/22 00:52:35 329] tts        792  TTS_MSG_GETAUDIO  0  
[2019/03/22 00:52:35 329] tts        557  get audio|use local  
[2019/03/22 00:52:35 329] tts        599  0  nil  1  
[2019/03/22 00:52:35 329] tts        792  TTS_MSG_GETAUDIO  0  
[2019/03/22 00:52:35 329] tts        557  get audio|use local  
[2019/03/22 00:52:35 329] tts        599  0  nil  1  
[2019/03/22 00:52:35 339] tts        792  TTS_MSG_GETAUDIO  0  
[2019/03/22 00:52:35 339] tts        557  get audio|use local  
[2019/03/22 00:52:35 339] tts        599  0  nil  1  
[2019/03/22 00:52:35 339] tts        792  TTS_MSG_GETAUDIO  0  
[2019/03/22 00:52:35 339] tts        557  get audio|use local  
[2019/03/22 00:52:35 339] tts        599  0  nil  1  
[2019/03/22 00:52:35 339] tts        792  TTS_MSG_GETAUDIO  0  
[2019/03/22 00:52:35 339] tts        557  get audio|use local  
[2019/03/22 00:52:35 339] tts        599  0  nil  1  
[2019/03/22 00:52:35 340] tts        792  TTS_MSG_GETAUDIO  0  
[2019/03/22 00:52:35 340] tts        557  get audio|use local  
[2019/03/22 00:52:35 340] tts        599  0  nil  1  
[2019/03/22 00:52:35 341] tts        792  TTS_MSG_GETAUDIO  0  
[2019/03/22 00:52:35 341] tts        557  get audio|use local  
[2019/03/22 00:52:35 341] tts        599  0  nil  1  
[2019/03/22 00:52:35 342] tts        792  TTS_MSG_GETAUDIO  0  
[2019/03/22 00:52:35 342] tts        557  get audio|use local  
[2019/03/22 00:52:35 342] tts        599  0  nil  1  
[2019/03/22 00:52:35 342] tts        792  TTS_MSG_GETAUDIO  0  
[2019/03/22 00:52:35 342] tts        557  get audio|use local  
[2019/03/22 00:52:35 342] tts        599  0  nil  1  
[2019/03/22 00:52:35 342] tts        792  TTS_MSG_GETAUDIO  0  
[2019/03/22 00:52:35 342] tts        557  get audio|use local  
[2019/03/22 00:52:35 342] tts        599  0  nil  1  
[2019/03/22 00:52:35 343] tts        792  TTS_MSG_GETAUDIO  0  
[2019/03/22 00:52:35 343] tts        557  get audio|use local  
[2019/03/22 00:52:35 343] tts        599  0  nil  1  
[2019/03/22 00:52:35 343] tts        792  TTS_MSG_GETAUDIO  0  
[2019/03/22 00:52:35 343] tts        557  get audio|use local  
[2019/03/22 00:52:35 343] tts        599  0  nil  1  
[2019/03/22 00:52:35 343] tts        792  TTS_MSG_GETAUDIO  0  
[2019/03/22 00:52:35 343] tts        557  get audio|use local  
[2019/03/22 00:52:35 343] tts        599  0  nil  1  
[2019/03/22 00:52:35 343] tts        792  TTS_MSG_GETAUDIO  0  
[2019/03/22 00:52:35 344] tts        557  get audio|use local  
[2019/03/22 00:52:35 344] tts        599  0  nil  1  
[2019/03/22 00:52:35 344] tts        792  TTS_MSG_GETAUDIO  0  
[2019/03/22 00:52:35 344] tts        557  get audio|use local  
[2019/03/22 00:52:35 344] tts        599  0  nil  1  
[2019/03/22 00:52:35 344] tts        792  TTS_MSG_GETAUDIO  0  
[2019/03/22 00:52:35 344] tts        557  get audio|use local  
[2019/03/22 00:52:35 344] tts        599  0  nil  1  
[2019/03/22 00:52:35 344] tts        792  TTS_MSG_GETAUDIO  0  
[2019/03/22 00:52:35 344] tts        557  get audio|use local  
[2019/03/22 00:52:35 344] tts        599  0  nil  1  
[2019/03/22 00:52:35 344] tts        792  TTS_MSG_GETAUDIO  0  
[2019/03/22 00:52:35 344] tts        557  get audio|use local  
[2019/03/22 00:52:35 344] tts        599  0  nil  1  
[2019/03/22 00:52:35 344] tts        792  TTS_MSG_GETAUDIO  0  
[2019/03/22 00:52:35 344] tts        557  get audio|use local  
[2019/03/22 00:52:35 344] tts        599  0  nil  1  
[2019/03/22 00:52:35 344] tts        792  TTS_MSG_GETAUDIO  0  
[2019/03/22 00:52:35 344] tts        557  get audio|use local  
[2019/03/22 00:52:35 344] tts        599  0  nil  1  
[2019/03/22 00:52:35 344] tts        792  TTS_MSG_GETAUDIO  0  
[2019/03/22 00:52:35 344] tts        557  get audio|use local  
[2019/03/22 00:52:35 344] tts        599  0  nil  1  
[2019/03/22 00:52:35 345] tts        792  TTS_MSG_GETAUDIO  0  
[2019/03/22 00:52:35 345] tts        557  get audio|use local  
[2019/03/22 00:52:35 345] tts        599  0  nil  1  
[2019/03/22 00:52:35 345] tts        792  TTS_MSG_GETAUDIO  0  
[2019/03/22 00:52:35 345] tts        557  get audio|use local  
[2019/03/22 00:52:35 345] tts        599  0  nil  1  
[2019/03/22 00:52:35 345] tts        792  TTS_MSG_GETAUDIO  0  
[2019/03/22 00:52:35 345] tts        557  get audio|use local  
[2019/03/22 00:52:35 345] tts        599  0  nil  1  
[2019/03/22 00:52:35 345] tts        792  TTS_MSG_GETAUDIO  0  
[2019/03/22 00:52:35 345] tts        557  get audio|use local  
[2019/03/22 00:52:35 345] tts        599  0  nil  1  
[2019/03/22 00:52:35 345] tts        792  TTS_MSG_GETAUDIO  0  
[2019/03/22 00:52:35 345] tts        557  get audio|use local  
[2019/03/22 00:52:35 345] tts        599  0  nil  1  
[2019/03/22 00:52:35 345] tts        792  TTS_MSG_GETAUDIO  0  
[2019/03/22 00:52:35 345] tts        557  get audio|use local  
[2019/03/22 00:52:35 345] tts        599  0  nil  1  
[2019/03/22 00:52:35 345] tts        792  TTS_MSG_GETAUDIO  0  
[2019/03/22 00:52:35 345] tts        557  get audio|use local  
[2019/03/22 00:52:35 345] tts        599  0  nil  1  
[2019/03/22 00:52:35 346] tts        792  TTS_MSG_GETAUDIO  0  
[2019/03/22 00:52:35 346] tts        557  get audio|use local  
[2019/03/22 00:52:35 346] tts        599  0  nil  1  
[2019/03/22 00:52:35 346] tts        792  TTS_MSG_GETAUDIO  0  
[2019/03/22 00:52:35 346] tts        557  get audio|use local  
[2019/03/22 00:52:35 346] tts        599  0  nil  1  
[2019/03/22 00:52:35 346] tts        792  TTS_MSG_GETAUDIO  0  
[2019/03/22 00:52:35 346] tts        557  get audio|use local  
[2019/03/22 00:52:35 346] tts        599  0  nil  1  
[2019/03/22 00:52:35 346] tts        792  TTS_MSG_GETAUDIO  0  
[2019/03/22 00:52:35 346] tts        557  get audio|use local  
[2019/03/22 00:52:35 346] tts        599  0  nil  1  
[2019/03/22 00:52:35 346] tts        792  TTS_MSG_GETAUDIO  0  
[2019/03/22 00:52:35 346] tts        557  get audio|use local  
[2019/03/22 00:52:35 346] tts        599  0  nil  1  
[2019/03/22 00:52:35 346] tts        792  TTS_MSG_GETAUDIO  0  
[2019/03/22 00:52:35 346] tts        557  get audio|use local  
[2019/03/22 00:52:35 346] tts        599  0  nil  1  
[2019/03/22 00:52:35 346] tts        792  TTS_MSG_GETAUDIO  0  
[2019/03/22 00:52:35 346] tts        557  get audio|use local  
[2019/03/22 00:52:35 346] tts        599  0  nil  1  
[2019/03/22 00:52:35 360] tts        792  TTS_MSG_GETAUDIO  0  
[2019/03/22 00:52:35 360] tts        557  get audio|use local  
[2019/03/22 00:52:35 360] tts        599  0  nil  1  
[2019/03/22 00:52:35 361] tts        792  TTS_MSG_GETAUDIO  0  
[2019/03/22 00:52:35 361] tts        557  get audio|use local  
[2019/03/22 00:52:35 361] tts        599  0  nil  1  
[2019/03/22 00:52:35 361] tts        792  TTS_MSG_GETAUDIO  0  
[2019/03/22 00:52:35 361] tts        557  get audio|use local  
[2019/03/22 00:52:35 361] tts        599  0  nil  1  
[2019/03/22 00:52:35 361] tts        792  TTS_MSG_GETAUDIO  0  
[2019/03/22 00:52:35 361] tts        557  get audio|use local  
[2019/03/22 00:52:35 361] tts        599  0  nil  1  
[2019/03/22 00:52:35 361] tts        792  TTS_MSG_GETAUDIO  0  
[2019/03/22 00:52:35 361] tts        557  get audio|use local  
[2019/03/22 00:52:35 361] tts        599  0  nil  1  
[2019/03/22 00:52:35 361] tts        792  TTS_MSG_GETAUDIO  0  
[2019/03/22 00:52:35 361] tts        557  get audio|use local  
[2019/03/22 00:52:35 361] tts        599  0  nil  1  
[2019/03/22 00:52:35 361] tts        792  TTS_MSG_GETAUDIO  0  
[2019/03/22 00:52:35 361] tts        557  get audio|use local  
[2019/03/22 00:52:35 361] tts        599  0  nil  1  
[2019/03/22 00:52:35 362] tts        792  TTS_MSG_GETAUDIO  0  
[2019/03/22 00:52:35 362] tts        557  get audio|use local  
[2019/03/22 00:52:35 362] tts        599  0  nil  1  
[2019/03/22 00:52:35 362] tts        792  TTS_MSG_GETAUDIO  0  
[2019/03/22 00:52:35 362] tts        557  get audio|use local  
[2019/03/22 00:52:35 362] tts        599  0  nil  1  
[2019/03/22 00:52:35 363] tts        792  TTS_MSG_GETAUDIO  0  
[2019/03/22 00:52:35 363] tts        557  get audio|use local  
[2019/03/22 00:52:35 363] tts        599  0  nil  1  
[2019/03/22 00:52:35 363] tts        792  TTS_MSG_GETAUDIO  0  
[2019/03/22 00:52:35 363] tts        557  get audio|use local  
[2019/03/22 00:52:35 363] tts        599  0  nil  1  
[2019/03/22 00:52:35 363] tts        792  TTS_MSG_GETAUDIO  0  
[2019/03/22 00:52:35 363] tts        557  get audio|use local  
[2019/03/22 00:52:35 364] tts        599  0  nil  1  
[2019/03/22 00:52:35 364] tts        792  TTS_MSG_GETAUDIO  0  
[2019/03/22 00:52:35 364] tts        557  get audio|use local  
[2019/03/22 00:52:35 364] tts        599  0  nil  1  
[2019/03/22 00:52:35 364] tts        792  TTS_MSG_GETAUDIO  0  
[2019/03/22 00:52:35 364] tts        557  get audio|use local  
[2019/03/22 00:52:35 364] tts        599  0  nil  1  
[2019/03/22 00:52:35 364] tts        792  TTS_MSG_GETAUDIO  0  
[2019/03/22 00:52:35 364] tts        557  get audio|use local  
[2019/03/22 00:52:35 364] tts        599  0  nil  1  
[2019/03/22 00:52:35 364] tts        792  TTS_MSG_GETAUDIO  0  
[2019/03/22 00:52:35 364] tts        557  get audio|use local  
[2019/03/22 00:52:35 364] tts        599  0  nil  1  
[2019/03/22 00:52:35 370] tts        301  TTS_LOCAL_CB_BEGIN  
[2019/03/22 00:52:35 370] tts        792  TTS_MSG_GETAUDIO  0  
[2019/03/22 00:52:35 370] tts        557  get audio|use local  
[2019/03/22 00:52:35 370] tts        599  0  nil  1  
[2019/03/22 00:52:35 370] tts        792  TTS_MSG_GETAUDIO  0  
[2019/03/22 00:52:35 370] tts        557  get audio|use local  
[2019/03/22 00:52:35 370] tts        599  0  nil  1  
[2019/03/22 00:52:35 370] tts        792  TTS_MSG_GETAUDIO  0  
[2019/03/22 00:52:35 370] tts        557  get audio|use local  
[2019/03/22 00:52:35 370] tts        599  0  nil  1  
[2019/03/22 00:52:35 370] tts        317  TTS_LOCAL_CB_OUTPUT  101  udata(30072068) 6  
[2019/03/22 00:52:35 371] tts        321  udata(30072068) 6  
[2019/03/22 00:52:35 371] tts        792  TTS_MSG_GETAUDIO  0  
[2019/03/22 00:52:35 371] tts        557  get audio|use local  
[2019/03/22 00:52:35 371] tts        570  local audiolen:  212  ,ced:  6  
[2019/03/22 00:52:35 371] tts        599  0  udata(300722b8) 1  
[2019/03/22 00:52:35 372] tts        792  TTS_MSG_GETAUDIO  0  
[2019/03/22 00:52:35 372] tts        557  get audio|use local  
[2019/03/22 00:52:35 372] tts        599  0  nil  1  
[2019/03/22 00:52:35 373] tts        792  TTS_MSG_GETAUDIO  0  
[2019/03/22 00:52:35 373] tts        557  get audio|use local  
[2019/03/22 00:52:35 373] tts        599  0  nil  1  
[2019/03/22 00:52:35 373] tts        792  TTS_MSG_GETAUDIO  0  
[2019/03/22 00:52:35 373] tts        557  get audio|use local  
[2019/03/22 00:52:35 373] tts        599  0  nil  1  
[2019/03/22 00:52:35 374] tts        792  TTS_MSG_GETAUDIO  0  
[2019/03/22 00:52:35 374] tts        557  get audio|use local  
[2019/03/22 00:52:35 374] tts        599  0  nil  1  
[2019/03/22 00:52:35 374] tts        792  TTS_MSG_GETAUDIO  0  
[2019/03/22 00:52:35 374] tts        557  get audio|use local  
[2019/03/22 00:52:35 374] tts        599  0  nil  1  
[2019/03/22 00:52:35 374] tts        792  TTS_MSG_GETAUDIO  0  
[2019/03/22 00:52:35 374] tts        557  get audio|use local  
[2019/03/22 00:52:35 374] tts        599  0  nil  1  
[2019/03/22 00:52:35 374] tts        792  TTS_MSG_GETAUDIO  0  
[2019/03/22 00:52:35 374] tts        557  get audio|use local  
[2019/03/22 00:52:35 374] tts        599  0  nil  1  
[2019/03/22 00:52:35 375] tts        317  TTS_LOCAL_CB_OUTPUT  101  udata(30072308) 6  
[2019/03/22 00:52:35 375] tts        321  udata(30072308) 6  
[2019/03/22 00:52:35 375] tts        792  TTS_MSG_GETAUDIO  0  
[2019/03/22 00:52:35 375] tts        557  get audio|use local  
[2019/03/22 00:52:35 375] tts        570  local audiolen:  11148  ,ced:  6  
[2019/03/22 00:52:35 375] tts        599  0  udata(300730b8) 1  
[2019/03/22 00:52:35 375] tts        792  TTS_MSG_GETAUDIO  0  
[2019/03/22 00:52:35 375] tts        557  get audio|use local  
[2019/03/22 00:52:35 375] tts        599  0  nil  1  
[2019/03/22 00:52:35 375] tts        317  TTS_LOCAL_CB_OUTPUT  101  udata(30016718) 6  
[2019/03/22 00:52:35 375] tts        321  udata(30016718) 6  
[2019/03/22 00:52:35 375] tts        792  TTS_MSG_GETAUDIO  0  
[2019/03/22 00:52:35 375] tts        557  get audio|use local  
[2019/03/22 00:52:35 375] tts        570  local audiolen:  8372  ,ced:  6  
[2019/03/22 00:52:35 375] tts        599  0  udata(3008a108) 1  
[2019/03/22 00:52:35 376] tts        303  0  0  
[2019/03/22 00:52:35 376] tts        314  TTS_LOCAL_CB_END,  2  
[2019/03/22 00:52:35 376] tts        792  TTS_MSG_GETAUDIO  0  
[2019/03/22 00:52:35 376] tts        557  get audio|use local  
[2019/03/22 00:52:35 376] tts        599  0  nil  2  
[2019/03/22 00:52:35 376] tts        795  TTS_MSG_SSE  
[2019/03/22 00:52:35 376] tts        693  sse|use local  
[2019/03/22 00:52:35 382] tts        711  tts exit  
[2019/03/22 00:52:35 382] tts        802  SYS_MSG_UNLOAD  
