============================================================
Time  2019/03/22 01:59:31 330 
============================================================
[2019/03/22 01:59:31 330] tts        811  SYS_MSG_REGCB param0 =  msp_status_cb  param1 =  func(a800fdd0) 
[2019/03/22 01:59:31 331] config     43   use general cloud  
[2019/03/22 01:59:31 333] tts_cloud  1438 SYS_MSG_REGCB_CLOUD param0 =   msp_status_cb  param1 =  func(a800fdd0) 
[2019/03/22 01:59:31 333] tts        782  TTS_MSG_SSB  
[2019/03/22 01:59:31 333] tts        434  params =  engine_type = local,voice_name=xiaoyan, text_encoding = UTF8, tts_res_path = fo|res/tts/xiaoyan.jet;fo|res/tts/common.jet, sample_rate = 16000, speed = 50, volume = 50, pitch = 50, rdn = 2  
[2019/03/22 01:59:31 333] tts        273  auf=audio/L16;rate=16000  
[2019/03/22 01:59:31 333] tts        273  auf=audio/L16;rate=16000  
[2019/03/22 01:59:31 333] tts        471  ssb|use local  
[2019/03/22 01:59:31 333] tts        385  local_session_begin  
[2019/03/22 01:59:31 338] tts        789  TTS_MSG_SYN  0  
[2019/03/22 01:59:31 338] tts        514  synth|use local  
[2019/03/22 01:59:31 343] tts        301  TTS_LOCAL_CB_BEGIN  
[2019/03/22 01:59:31 344] tts        792  TTS_MSG_GETAUDIO  0  
[2019/03/22 01:59:31 344] tts        557  get audio|use local  
[2019/03/22 01:59:31 344] tts        599  0  nil  1  
[2019/03/22 01:59:31 345] tts        792  TTS_MSG_GETAUDIO  0  
[2019/03/22 01:59:31 345] tts        557  get audio|use local  
[2019/03/22 01:59:31 345] tts        599  0  nil  1  
[2019/03/22 01:59:31 345] tts        792  TTS_MSG_GETAUDIO  0  
[2019/03/22 01:59:31 345] tts        557  get audio|use local  
[2019/03/22 01:59:31 345] tts        599  0  nil  1  
[2019/03/22 01:59:31 345] tts        792  TTS_MSG_GETAUDIO  0  
[2019/03/22 01:59:31 345] tts        557  get audio|use local  
[2019/03/22 01:59:31 345] tts        599  0  nil  1  
[2019/03/22 01:59:31 345] tts        792  TTS_MSG_GETAUDIO  0  
[2019/03/22 01:59:31 345] tts        557  get audio|use local  
[2019/03/22 01:59:31 345] tts        599  0  nil  1  
[2019/03/22 01:59:31 345] tts        792  TTS_MSG_GETAUDIO  0  
[2019/03/22 01:59:31 345] tts        557  get audio|use local  
[2019/03/22 01:59:31 345] tts        599  0  nil  1  
[2019/03/22 01:59:31 346] tts        317  TTS_LOCAL_CB_OUTPUT  101  udata(966598f8) 54  
[2019/03/22 01:59:31 346] tts        321  udata(966598f8) 54  
[2019/03/22 01:59:31 346] tts        792  TTS_MSG_GETAUDIO  0  
[2019/03/22 01:59:31 346] tts        557  get audio|use local  
[2019/03/22 01:59:31 346] tts        570  local audiolen:  212  ,ced:  54  
[2019/03/22 01:59:31 346] tts        599  0  udata(a80614e8) 1  
[2019/03/22 01:59:31 347] tts        792  TTS_MSG_GETAUDIO  0  
[2019/03/22 01:59:31 347] tts        557  get audio|use local  
[2019/03/22 01:59:31 347] tts        599  0  nil  1  
[2019/03/22 01:59:31 347] tts        792  TTS_MSG_GETAUDIO  0  
[2019/03/22 01:59:31 347] tts        557  get audio|use local  
[2019/03/22 01:59:31 347] tts        599  0  nil  1  
[2019/03/22 01:59:31 347] tts        792  TTS_MSG_GETAUDIO  0  
[2019/03/22 01:59:31 347] tts        557  get audio|use local  
[2019/03/22 01:59:31 347] tts        599  0  nil  1  
[2019/03/22 01:59:31 347] tts        792  TTS_MSG_GETAUDIO  0  
[2019/03/22 01:59:31 347] tts        557  get audio|use local  
[2019/03/22 01:59:31 347] tts        599  0  nil  1  
[2019/03/22 01:59:31 347] tts        792  TTS_MSG_GETAUDIO  0  
[2019/03/22 01:59:31 347] tts        557  get audio|use local  
[2019/03/22 01:59:31 347] tts        599  0  nil  1  
[2019/03/22 01:59:31 348] tts        792  TTS_MSG_GETAUDIO  0  
[2019/03/22 01:59:31 348] tts        557  get audio|use local  
[2019/03/22 01:59:31 348] tts        599  0  nil  1  
[2019/03/22 01:59:31 348] tts        792  TTS_MSG_GETAUDIO  0  
[2019/03/22 01:59:31 348] tts        557  get audio|use local  
[2019/03/22 01:59:31 348] tts        599  0  nil  1  
[2019/03/22 01:59:31 349] tts        792  TTS_MSG_GETAUDIO  0  
[2019/03/22 01:59:31 349] tts        557  get audio|use local  
[2019/03/22 01:59:31 350] tts        599  0  nil  1  
[2019/03/22 01:59:31 350] tts        792  TTS_MSG_GETAUDIO  0  
[2019/03/22 01:59:31 350] tts        557  get audio|use local  
[2019/03/22 01:59:31 350] tts        599  0  nil  1  
[2019/03/22 01:59:31 350] tts        792  TTS_MSG_GETAUDIO  0  
[2019/03/22 01:59:31 350] tts        557  get audio|use local  
[2019/03/22 01:59:31 350] tts        599  0  nil  1  
[2019/03/22 01:59:31 350] tts        792  TTS_MSG_GETAUDIO  0  
[2019/03/22 01:59:31 350] tts        557  get audio|use local  
[2019/03/22 01:59:31 350] tts        599  0  nil  1  
[2019/03/22 01:59:31 350] tts        792  TTS_MSG_GETAUDIO  0  
[2019/03/22 01:59:31 350] tts        557  get audio|use local  
[2019/03/22 01:59:31 350] tts        599  0  nil  1  
[2019/03/22 01:59:31 350] tts        792  TTS_MSG_GETAUDIO  0  
[2019/03/22 01:59:31 350] tts        557  get audio|use local  
[2019/03/22 01:59:31 350] tts        599  0  nil  1  
[2019/03/22 01:59:31 350] tts        792  TTS_MSG_GETAUDIO  0  
[2019/03/22 01:59:31 350] tts        557  get audio|use local  
[2019/03/22 01:59:31 350] tts        599  0  nil  1  
[2019/03/22 01:59:31 350] tts        792  TTS_MSG_GETAUDIO  0  
[2019/03/22 01:59:31 350] tts        557  get audio|use local  
[2019/03/22 01:59:31 351] tts        599  0  nil  1  
[2019/03/22 01:59:31 351] tts        792  TTS_MSG_GETAUDIO  0  
[2019/03/22 01:59:31 351] tts        557  get audio|use local  
[2019/03/22 01:59:31 351] tts        599  0  nil  1  
[2019/03/22 01:59:31 351] tts        792  TTS_MSG_GETAUDIO  0  
[2019/03/22 01:59:31 351] tts        557  get audio|use local  
[2019/03/22 01:59:31 351] tts        599  0  nil  1  
[2019/03/22 01:59:31 351] tts        792  TTS_MSG_GETAUDIO  0  
[2019/03/22 01:59:31 351] tts        557  get audio|use local  
[2019/03/22 01:59:31 351] tts        599  0  nil  1  
[2019/03/22 01:59:31 351] tts        792  TTS_MSG_GETAUDIO  0  
[2019/03/22 01:59:31 351] tts        557  get audio|use local  
[2019/03/22 01:59:31 351] tts        599  0  nil  1  
[2019/03/22 01:59:31 351] tts        792  TTS_MSG_GETAUDIO  0  
[2019/03/22 01:59:31 351] tts        557  get audio|use local  
[2019/03/22 01:59:31 351] tts        599  0  nil  1  
[2019/03/22 01:59:31 351] tts        792  TTS_MSG_GETAUDIO  0  
[2019/03/22 01:59:31 351] tts        557  get audio|use local  
[2019/03/22 01:59:31 351] tts        599  0  nil  1  
[2019/03/22 01:59:31 351] tts        792  TTS_MSG_GETAUDIO  0  
[2019/03/22 01:59:31 351] tts        557  get audio|use local  
[2019/03/22 01:59:31 351] tts        599  0  nil  1  
[2019/03/22 01:59:31 352] tts        792  TTS_MSG_GETAUDIO  0  
[2019/03/22 01:59:31 352] tts        557  get audio|use local  
[2019/03/22 01:59:31 352] tts        599  0  nil  1  
[2019/03/22 01:59:31 352] tts        317  TTS_LOCAL_CB_OUTPUT  101  udata(9664e268) 54  
[2019/03/22 01:59:31 352] tts        321  udata(9664e268) 54  
[2019/03/22 01:59:31 353] tts        792  TTS_MSG_GETAUDIO  0  
[2019/03/22 01:59:31 353] tts        557  get audio|use local  
[2019/03/22 01:59:31 353] tts        570  local audiolen:  5092  ,ced:  54  
[2019/03/22 01:59:31 353] tts        599  0  udata(a8027d78) 1  
[2019/03/22 01:59:31 353] tts        792  TTS_MSG_GETAUDIO  0  
[2019/03/22 01:59:31 353] tts        557  get audio|use local  
[2019/03/22 01:59:31 353] tts        599  0  nil  1  
[2019/03/22 01:59:31 353] tts        792  TTS_MSG_GETAUDIO  0  
[2019/03/22 01:59:31 353] tts        557  get audio|use local  
[2019/03/22 01:59:31 353] tts        599  0  nil  1  
[2019/03/22 01:59:31 353] tts        792  TTS_MSG_GETAUDIO  0  
[2019/03/22 01:59:31 353] tts        557  get audio|use local  
[2019/03/22 01:59:31 353] tts        599  0  nil  1  
[2019/03/22 01:59:31 353] tts        792  TTS_MSG_GETAUDIO  0  
[2019/03/22 01:59:31 353] tts        557  get audio|use local  
[2019/03/22 01:59:31 353] tts        599  0  nil  1  
[2019/03/22 01:59:31 353] tts        792  TTS_MSG_GETAUDIO  0  
[2019/03/22 01:59:31 353] tts        557  get audio|use local  
[2019/03/22 01:59:31 353] tts        599  0  nil  1  
[2019/03/22 01:59:31 354] tts        317  TTS_LOCAL_CB_OUTPUT  101  udata(a8061648) 54  
[2019/03/22 01:59:31 354] tts        321  udata(a8061648) 54  
[2019/03/22 01:59:31 354] tts        792  TTS_MSG_GETAUDIO  0  
[2019/03/22 01:59:31 354] tts        557  get audio|use local  
[2019/03/22 01:59:31 354] tts        570  local audiolen:  5158  ,ced:  54  
[2019/03/22 01:59:31 354] tts        599  0  udata(a8062b88) 1  
[2019/03/22 01:59:31 354] tts        792  TTS_MSG_GETAUDIO  0  
[2019/03/22 01:59:31 354] tts        557  get audio|use local  
[2019/03/22 01:59:31 354] tts        599  0  nil  1  
[2019/03/22 01:59:31 354] tts        792  TTS_MSG_GETAUDIO  0  
[2019/03/22 01:59:31 354] tts        557  get audio|use local  
[2019/03/22 01:59:31 354] tts        599  0  nil  1  
[2019/03/22 01:59:31 355] tts        792  TTS_MSG_GETAUDIO  0  
[2019/03/22 01:59:31 355] tts        557  get audio|use local  
[2019/03/22 01:59:31 355] tts        599  0  nil  1  
[2019/03/22 01:59:31 355] tts        792  TTS_MSG_GETAUDIO  0  
[2019/03/22 01:59:31 355] tts        557  get audio|use local  
[2019/03/22 01:59:31 355] tts        599  0  nil  1  
[2019/03/22 01:59:31 355] tts        792  TTS_MSG_GETAUDIO  0  
[2019/03/22 01:59:31 355] tts        557  get audio|use local  
[2019/03/22 01:59:31 355] tts        599  0  nil  1  
[2019/03/22 01:59:31 355] tts        792  TTS_MSG_GETAUDIO  0  
[2019/03/22 01:59:31 355] tts        557  get audio|use local  
[2019/03/22 01:59:31 355] tts        599  0  nil  1  
[2019/03/22 01:59:31 356] tts        792  TTS_MSG_GETAUDIO  0  
[2019/03/22 01:59:31 356] tts        557  get audio|use local  
[2019/03/22 01:59:31 356] tts        599  0  nil  1  
[2019/03/22 01:59:31 362] tts        792  TTS_MSG_GETAUDIO  0  
[2019/03/22 01:59:31 362] tts        557  get audio|use local  
[2019/03/22 01:59:31 362] tts        599  0  nil  1  
[2019/03/22 01:59:31 362] tts        792  TTS_MSG_GETAUDIO  0  
[2019/03/22 01:59:31 362] tts        557  get audio|use local  
[2019/03/22 01:59:31 362] tts        599  0  nil  1  
[2019/03/22 01:59:31 363] tts        792  TTS_MSG_GETAUDIO  0  
[2019/03/22 01:59:31 363] tts        557  get audio|use local  
[2019/03/22 01:59:31 363] tts        599  0  nil  1  
[2019/03/22 01:59:31 363] tts        792  TTS_MSG_GETAUDIO  0  
[2019/03/22 01:59:31 363] tts        557  get audio|use local  
[2019/03/22 01:59:31 363] tts        599  0  nil  1  
[2019/03/22 01:59:31 363] tts        792  TTS_MSG_GETAUDIO  0  
[2019/03/22 01:59:31 363] tts        557  get audio|use local  
[2019/03/22 01:59:31 363] tts        599  0  nil  1  
[2019/03/22 01:59:31 363] tts        792  TTS_MSG_GETAUDIO  0  
[2019/03/22 01:59:31 363] tts        557  get audio|use local  
[2019/03/22 01:59:31 363] tts        599  0  nil  1  
[2019/03/22 01:59:31 364] tts        792  TTS_MSG_GETAUDIO  0  
[2019/03/22 01:59:31 364] tts        557  get audio|use local  
[2019/03/22 01:59:31 364] tts        599  0  nil  1  
[2019/03/22 01:59:31 364] tts        792  TTS_MSG_GETAUDIO  0  
[2019/03/22 01:59:31 364] tts        557  get audio|use local  
[2019/03/22 01:59:31 364] tts        599  0  nil  1  
[2019/03/22 01:59:31 364] tts        792  TTS_MSG_GETAUDIO  0  
[2019/03/22 01:59:31 364] tts        557  get audio|use local  
[2019/03/22 01:59:31 364] tts        599  0  nil  1  
[2019/03/22 01:59:31 364] tts        792  TTS_MSG_GETAUDIO  0  
[2019/03/22 01:59:31 364] tts        557  get audio|use local  
[2019/03/22 01:59:31 364] tts        599  0  nil  1  
[2019/03/22 01:59:31 364] tts        792  TTS_MSG_GETAUDIO  0  
[2019/03/22 01:59:31 364] tts        557  get audio|use local  
[2019/03/22 01:59:31 364] tts        599  0  nil  1  
[2019/03/22 01:59:31 369] tts        317  TTS_LOCAL_CB_OUTPUT  101  udata(a8062c08) 54  
[2019/03/22 01:59:31 369] tts        321  udata(a8062c08) 54  
[2019/03/22 01:59:31 369] tts        792  TTS_MSG_GETAUDIO  0  
[2019/03/22 01:59:31 369] tts        557  get audio|use local  
[2019/03/22 01:59:31 369] tts        570  local audiolen:  8050  ,ced:  54  
[2019/03/22 01:59:31 369] tts        599  0  udata(a8062d58) 1  
[2019/03/22 01:59:31 370] tts        792  TTS_MSG_GETAUDIO  0  
[2019/03/22 01:59:31 370] tts        557  get audio|use local  
[2019/03/22 01:59:31 370] tts        599  0  nil  1  
[2019/03/22 01:59:31 370] tts        792  TTS_MSG_GETAUDIO  0  
[2019/03/22 01:59:31 370] tts        557  get audio|use local  
[2019/03/22 01:59:31 370] tts        599  0  nil  1  
[2019/03/22 01:59:31 370] tts        792  TTS_MSG_GETAUDIO  0  
[2019/03/22 01:59:31 370] tts        557  get audio|use local  
[2019/03/22 01:59:31 370] tts        599  0  nil  1  
[2019/03/22 01:59:31 370] tts        792  TTS_MSG_GETAUDIO  0  
[2019/03/22 01:59:31 370] tts        557  get audio|use local  
[2019/03/22 01:59:31 370] tts        599  0  nil  1  
[2019/03/22 01:59:31 370] tts        792  TTS_MSG_GETAUDIO  0  
[2019/03/22 01:59:31 370] tts        557  get audio|use local  
[2019/03/22 01:59:31 370] tts        599  0  nil  1  
[2019/03/22 01:59:31 371] tts        317  TTS_LOCAL_CB_OUTPUT  101  udata(a8062da8) 54  
[2019/03/22 01:59:31 371] tts        321  udata(a8062da8) 54  
[2019/03/22 01:59:31 371] tts        792  TTS_MSG_GETAUDIO  0  
[2019/03/22 01:59:31 371] tts        557  get audio|use local  
[2019/03/22 01:59:31 371] tts        570  local audiolen:  7196  ,ced:  54  
[2019/03/22 01:59:31 371] tts        599  0  udata(a8060908) 1  
[2019/03/22 01:59:31 371] tts        792  TTS_MSG_GETAUDIO  0  
[2019/03/22 01:59:31 371] tts        557  get audio|use local  
[2019/03/22 01:59:31 371] tts        599  0  nil  1  
[2019/03/22 01:59:31 371] tts        792  TTS_MSG_GETAUDIO  0  
[2019/03/22 01:59:31 371] tts        557  get audio|use local  
[2019/03/22 01:59:31 371] tts        599  0  nil  1  
[2019/03/22 01:59:31 373] tts        792  TTS_MSG_GETAUDIO  0  
[2019/03/22 01:59:31 373] tts        557  get audio|use local  
[2019/03/22 01:59:31 373] tts        599  0  nil  1  
[2019/03/22 01:59:31 373] tts        792  TTS_MSG_GETAUDIO  0  
[2019/03/22 01:59:31 373] tts        557  get audio|use local  
[2019/03/22 01:59:31 373] tts        599  0  nil  1  
[2019/03/22 01:59:31 374] tts        792  TTS_MSG_GETAUDIO  0  
[2019/03/22 01:59:31 374] tts        557  get audio|use local  
[2019/03/22 01:59:31 374] tts        599  0  nil  1  
[2019/03/22 01:59:31 374] tts        792  TTS_MSG_GETAUDIO  0  
[2019/03/22 01:59:31 374] tts        557  get audio|use local  
[2019/03/22 01:59:31 374] tts        599  0  nil  1  
[2019/03/22 01:59:31 374] tts        792  TTS_MSG_GETAUDIO  0  
[2019/03/22 01:59:31 374] tts        557  get audio|use local  
[2019/03/22 01:59:31 374] tts        599  0  nil  1  
[2019/03/22 01:59:31 374] tts        792  TTS_MSG_GETAUDIO  0  
[2019/03/22 01:59:31 374] tts        557  get audio|use local  
[2019/03/22 01:59:31 374] tts        599  0  nil  1  
[2019/03/22 01:59:31 374] tts        792  TTS_MSG_GETAUDIO  0  
[2019/03/22 01:59:31 374] tts        557  get audio|use local  
[2019/03/22 01:59:31 374] tts        599  0  nil  1  
[2019/03/22 01:59:31 375] tts        792  TTS_MSG_GETAUDIO  0  
[2019/03/22 01:59:31 375] tts        557  get audio|use local  
[2019/03/22 01:59:31 375] tts        599  0  nil  1  
[2019/03/22 01:59:31 375] tts        792  TTS_MSG_GETAUDIO  0  
[2019/03/22 01:59:31 375] tts        557  get audio|use local  
[2019/03/22 01:59:31 375] tts        599  0  nil  1  
[2019/03/22 01:59:31 375] tts        792  TTS_MSG_GETAUDIO  0  
[2019/03/22 01:59:31 375] tts        557  get audio|use local  
[2019/03/22 01:59:31 375] tts        599  0  nil  1  
[2019/03/22 01:59:31 375] tts        792  TTS_MSG_GETAUDIO  0  
[2019/03/22 01:59:31 375] tts        557  get audio|use local  
[2019/03/22 01:59:31 375] tts        599  0  nil  1  
[2019/03/22 01:59:31 376] tts        792  TTS_MSG_GETAUDIO  0  
[2019/03/22 01:59:31 376] tts        557  get audio|use local  
[2019/03/22 01:59:31 376] tts        599  0  nil  1  
[2019/03/22 01:59:31 378] tts        317  TTS_LOCAL_CB_OUTPUT  101  udata(a8060958) 54  
[2019/03/22 01:59:31 378] tts        321  udata(a8060958) 54  
[2019/03/22 01:59:31 378] tts        792  TTS_MSG_GETAUDIO  0  
[2019/03/22 01:59:31 378] tts        557  get audio|use local  
[2019/03/22 01:59:31 378] tts        570  local audiolen:  6314  ,ced:  54  
[2019/03/22 01:59:31 378] tts        599  0  udata(a8062ca8) 1  
[2019/03/22 01:59:31 378] tts        792  TTS_MSG_GETAUDIO  0  
[2019/03/22 01:59:31 378] tts        557  get audio|use local  
[2019/03/22 01:59:31 378] tts        599  0  nil  1  
[2019/03/22 01:59:31 378] tts        792  TTS_MSG_GETAUDIO  0  
[2019/03/22 01:59:31 378] tts        557  get audio|use local  
[2019/03/22 01:59:31 378] tts        599  0  nil  1  
[2019/03/22 01:59:31 379] tts        317  TTS_LOCAL_CB_OUTPUT  101  udata(a8061938) 54  
[2019/03/22 01:59:31 379] tts        321  udata(a8061938) 54  
[2019/03/22 01:59:31 379] tts        792  TTS_MSG_GETAUDIO  0  
[2019/03/22 01:59:31 379] tts        557  get audio|use local  
[2019/03/22 01:59:31 379] tts        570  local audiolen:  4954  ,ced:  54  
[2019/03/22 01:59:31 379] tts        599  0  udata(a8024fb8) 1  
[2019/03/22 01:59:31 382] tts        792  TTS_MSG_GETAUDIO  0  
[2019/03/22 01:59:31 382] tts        557  get audio|use local  
[2019/03/22 01:59:31 382] tts        599  0  nil  1  
[2019/03/22 01:59:31 382] tts        792  TTS_MSG_GETAUDIO  0  
[2019/03/22 01:59:31 382] tts        557  get audio|use local  
[2019/03/22 01:59:31 382] tts        599  0  nil  1  
[2019/03/22 01:59:31 383] tts        792  TTS_MSG_GETAUDIO  0  
[2019/03/22 01:59:31 383] tts        557  get audio|use local  
[2019/03/22 01:59:31 383] tts        599  0  nil  1  
[2019/03/22 01:59:31 383] tts        792  TTS_MSG_GETAUDIO  0  
[2019/03/22 01:59:31 383] tts        557  get audio|use local  
[2019/03/22 01:59:31 383] tts        599  0  nil  1  
[2019/03/22 01:59:31 383] tts        792  TTS_MSG_GETAUDIO  0  
[2019/03/22 01:59:31 383] tts        557  get audio|use local  
[2019/03/22 01:59:31 383] tts        599  0  nil  1  
[2019/03/22 01:59:31 383] tts        792  TTS_MSG_GETAUDIO  0  
[2019/03/22 01:59:31 383] tts        557  get audio|use local  
[2019/03/22 01:59:31 383] tts        599  0  nil  1  
[2019/03/22 01:59:31 383] tts        792  TTS_MSG_GETAUDIO  0  
[2019/03/22 01:59:31 383] tts        557  get audio|use local  
[2019/03/22 01:59:31 383] tts        599  0  nil  1  
[2019/03/22 01:59:31 383] tts        792  TTS_MSG_GETAUDIO  0  
[2019/03/22 01:59:31 383] tts        557  get audio|use local  
[2019/03/22 01:59:31 383] tts        599  0  nil  1  
[2019/03/22 01:59:31 383] tts        792  TTS_MSG_GETAUDIO  0  
[2019/03/22 01:59:31 383] tts        557  get audio|use local  
[2019/03/22 01:59:31 383] tts        599  0  nil  1  
[2019/03/22 01:59:31 383] tts        792  TTS_MSG_GETAUDIO  0  
[2019/03/22 01:59:31 384] tts        557  get audio|use local  
[2019/03/22 01:59:31 384] tts        599  0  nil  1  
[2019/03/22 01:59:31 384] tts        792  TTS_MSG_GETAUDIO  0  
[2019/03/22 01:59:31 384] tts        557  get audio|use local  
[2019/03/22 01:59:31 384] tts        599  0  nil  1  
[2019/03/22 01:59:31 384] tts        792  TTS_MSG_GETAUDIO  0  
[2019/03/22 01:59:31 384] tts        557  get audio|use local  
[2019/03/22 01:59:31 384] tts        599  0  nil  1  
[2019/03/22 01:59:31 384] tts        792  TTS_MSG_GETAUDIO  0  
[2019/03/22 01:59:31 384] tts        557  get audio|use local  
[2019/03/22 01:59:31 384] tts        599  0  nil  1  
[2019/03/22 01:59:31 384] tts        792  TTS_MSG_GETAUDIO  0  
[2019/03/22 01:59:31 384] tts        557  get audio|use local  
[2019/03/22 01:59:31 384] tts        599  0  nil  1  
[2019/03/22 01:59:31 384] tts        792  TTS_MSG_GETAUDIO  0  
[2019/03/22 01:59:31 384] tts        557  get audio|use local  
[2019/03/22 01:59:31 384] tts        599  0  nil  1  
[2019/03/22 01:59:31 385] tts        792  TTS_MSG_GETAUDIO  0  
[2019/03/22 01:59:31 385] tts        557  get audio|use local  
[2019/03/22 01:59:31 385] tts        599  0  nil  1  
[2019/03/22 01:59:31 386] tts        317  TTS_LOCAL_CB_OUTPUT  101  udata(a8025008) 54  
[2019/03/22 01:59:31 386] tts        321  udata(a8025008) 54  
[2019/03/22 01:59:31 386] tts        792  TTS_MSG_GETAUDIO  0  
[2019/03/22 01:59:31 386] tts        557  get audio|use local  
[2019/03/22 01:59:31 386] tts        570  local audiolen:  10362  ,ced:  54  
[2019/03/22 01:59:31 386] tts        599  0  udata(a8025108) 1  
[2019/03/22 01:59:31 386] tts        792  TTS_MSG_GETAUDIO  0  
[2019/03/22 01:59:31 386] tts        557  get audio|use local  
[2019/03/22 01:59:31 386] tts        599  0  nil  1  
[2019/03/22 01:59:31 386] tts        792  TTS_MSG_GETAUDIO  0  
[2019/03/22 01:59:31 386] tts        557  get audio|use local  
[2019/03/22 01:59:31 386] tts        599  0  nil  1  
[2019/03/22 01:59:31 386] tts        792  TTS_MSG_GETAUDIO  0  
[2019/03/22 01:59:31 386] tts        557  get audio|use local  
[2019/03/22 01:59:31 386] tts        599  0  nil  1  
[2019/03/22 01:59:31 386] tts        792  TTS_MSG_GETAUDIO  0  
[2019/03/22 01:59:31 386] tts        557  get audio|use local  
[2019/03/22 01:59:31 386] tts        599  0  nil  1  
[2019/03/22 01:59:31 386] tts        792  TTS_MSG_GETAUDIO  0  
[2019/03/22 01:59:31 387] tts        557  get audio|use local  
[2019/03/22 01:59:31 387] tts        599  0  nil  1  
[2019/03/22 01:59:31 388] tts        792  TTS_MSG_GETAUDIO  0  
[2019/03/22 01:59:31 388] tts        557  get audio|use local  
[2019/03/22 01:59:31 388] tts        599  0  nil  1  
[2019/03/22 01:59:31 388] tts        792  TTS_MSG_GETAUDIO  0  
[2019/03/22 01:59:31 388] tts        557  get audio|use local  
[2019/03/22 01:59:31 388] tts        599  0  nil  1  
[2019/03/22 01:59:31 388] tts        792  TTS_MSG_GETAUDIO  0  
[2019/03/22 01:59:31 388] tts        557  get audio|use local  
[2019/03/22 01:59:31 388] tts        599  0  nil  1  
[2019/03/22 01:59:31 388] tts        792  TTS_MSG_GETAUDIO  0  
[2019/03/22 01:59:31 388] tts        557  get audio|use local  
[2019/03/22 01:59:31 388] tts        599  0  nil  1  
[2019/03/22 01:59:31 388] tts        792  TTS_MSG_GETAUDIO  0  
[2019/03/22 01:59:31 388] tts        557  get audio|use local  
[2019/03/22 01:59:31 388] tts        599  0  nil  1  
[2019/03/22 01:59:31 389] tts        792  TTS_MSG_GETAUDIO  0  
[2019/03/22 01:59:31 389] tts        557  get audio|use local  
[2019/03/22 01:59:31 389] tts        599  0  nil  1  
[2019/03/22 01:59:31 389] tts        792  TTS_MSG_GETAUDIO  0  
[2019/03/22 01:59:31 389] tts        557  get audio|use local  
[2019/03/22 01:59:31 389] tts        599  0  nil  1  
[2019/03/22 01:59:31 389] tts        792  TTS_MSG_GETAUDIO  0  
[2019/03/22 01:59:31 389] tts        557  get audio|use local  
[2019/03/22 01:59:31 389] tts        599  0  nil  1  
[2019/03/22 01:59:31 389] tts        792  TTS_MSG_GETAUDIO  0  
[2019/03/22 01:59:31 389] tts        557  get audio|use local  
[2019/03/22 01:59:31 389] tts        599  0  nil  1  
[2019/03/22 01:59:31 389] tts        792  TTS_MSG_GETAUDIO  0  
[2019/03/22 01:59:31 389] tts        557  get audio|use local  
[2019/03/22 01:59:31 389] tts        599  0  nil  1  
[2019/03/22 01:59:31 390] tts        792  TTS_MSG_GETAUDIO  0  
[2019/03/22 01:59:31 390] tts        557  get audio|use local  
[2019/03/22 01:59:31 390] tts        599  0  nil  1  
[2019/03/22 01:59:31 390] tts        317  TTS_LOCAL_CB_OUTPUT  101  udata(a8025158) 54  
[2019/03/22 01:59:31 390] tts        321  udata(a8025158) 54  
[2019/03/22 01:59:31 390] tts        792  TTS_MSG_GETAUDIO  0  
[2019/03/22 01:59:31 390] tts        557  get audio|use local  
[2019/03/22 01:59:31 390] tts        570  local audiolen:  18380  ,ced:  54  
[2019/03/22 01:59:31 390] tts        599  0  udata(a8025258) 1  
[2019/03/22 01:59:31 391] tts        792  TTS_MSG_GETAUDIO  0  
[2019/03/22 01:59:31 391] tts        557  get audio|use local  
[2019/03/22 01:59:31 391] tts        599  0  nil  1  
[2019/03/22 01:59:31 391] tts        792  TTS_MSG_GETAUDIO  0  
[2019/03/22 01:59:31 391] tts        557  get audio|use local  
[2019/03/22 01:59:31 391] tts        599  0  nil  1  
[2019/03/22 01:59:31 391] tts        792  TTS_MSG_GETAUDIO  0  
[2019/03/22 01:59:31 391] tts        557  get audio|use local  
[2019/03/22 01:59:31 391] tts        599  0  nil  1  
[2019/03/22 01:59:31 391] tts        792  TTS_MSG_GETAUDIO  0  
[2019/03/22 01:59:31 391] tts        557  get audio|use local  
[2019/03/22 01:59:31 391] tts        599  0  nil  1  
[2019/03/22 01:59:31 392] tts        317  TTS_LOCAL_CB_OUTPUT  101  udata(a80252a8) 54  
[2019/03/22 01:59:31 392] tts        321  udata(a80252a8) 54  
[2019/03/22 01:59:31 392] tts        792  TTS_MSG_GETAUDIO  0  
[2019/03/22 01:59:31 392] tts        557  get audio|use local  
[2019/03/22 01:59:31 392] tts        570  local audiolen:  5088  ,ced:  54  
[2019/03/22 01:59:31 392] tts        599  0  udata(a80254b8) 1  
[2019/03/22 01:59:31 392] tts        792  TTS_MSG_GETAUDIO  0  
[2019/03/22 01:59:31 392] tts        557  get audio|use local  
[2019/03/22 01:59:31 392] tts        599  0  nil  1  
[2019/03/22 01:59:31 392] tts        792  TTS_MSG_GETAUDIO  0  
[2019/03/22 01:59:31 392] tts        557  get audio|use local  
[2019/03/22 01:59:31 392] tts        599  0  nil  1  
[2019/03/22 01:59:31 393] tts        792  TTS_MSG_GETAUDIO  0  
[2019/03/22 01:59:31 393] tts        557  get audio|use local  
[2019/03/22 01:59:31 393] tts        599  0  nil  1  
[2019/03/22 01:59:31 394] tts        792  TTS_MSG_GETAUDIO  0  
[2019/03/22 01:59:31 394] tts        557  get audio|use local  
[2019/03/22 01:59:31 394] tts        599  0  nil  1  
[2019/03/22 01:59:31 394] tts        792  TTS_MSG_GETAUDIO  0  
[2019/03/22 01:59:31 394] tts        557  get audio|use local  
[2019/03/22 01:59:31 394] tts        599  0  nil  1  
[2019/03/22 01:59:31 394] tts        792  TTS_MSG_GETAUDIO  0  
[2019/03/22 01:59:31 394] tts        557  get audio|use local  
[2019/03/22 01:59:31 394] tts        599  0  nil  1  
[2019/03/22 01:59:31 395] tts        317  TTS_LOCAL_CB_OUTPUT  101  udata(a8025508) 54  
[2019/03/22 01:59:31 395] tts        321  udata(a8025508) 54  
[2019/03/22 01:59:31 395] tts        792  TTS_MSG_GETAUDIO  0  
[2019/03/22 01:59:31 395] tts        557  get audio|use local  
[2019/03/22 01:59:31 395] tts        570  local audiolen:  4014  ,ced:  54  
[2019/03/22 01:59:31 395] tts        599  0  udata(a80629f8) 1  
[2019/03/22 01:59:31 395] tts        792  TTS_MSG_GETAUDIO  0  
[2019/03/22 01:59:31 395] tts        557  get audio|use local  
[2019/03/22 01:59:31 395] tts        599  0  nil  1  
[2019/03/22 01:59:31 395] tts        792  TTS_MSG_GETAUDIO  0  
[2019/03/22 01:59:31 395] tts        557  get audio|use local  
[2019/03/22 01:59:31 395] tts        599  0  nil  1  
[2019/03/22 01:59:31 395] tts        792  TTS_MSG_GETAUDIO  0  
[2019/03/22 01:59:31 395] tts        557  get audio|use local  
[2019/03/22 01:59:31 395] tts        599  0  nil  1  
[2019/03/22 01:59:31 396] tts        792  TTS_MSG_GETAUDIO  0  
[2019/03/22 01:59:31 396] tts        557  get audio|use local  
[2019/03/22 01:59:31 396] tts        599  0  nil  1  
[2019/03/22 01:59:31 396] tts        792  TTS_MSG_GETAUDIO  0  
[2019/03/22 01:59:31 396] tts        557  get audio|use local  
[2019/03/22 01:59:31 396] tts        599  0  nil  1  
[2019/03/22 01:59:31 397] tts        792  TTS_MSG_GETAUDIO  0  
[2019/03/22 01:59:31 397] tts        557  get audio|use local  
[2019/03/22 01:59:31 397] tts        599  0  nil  1  
[2019/03/22 01:59:31 397] tts        792  TTS_MSG_GETAUDIO  0  
[2019/03/22 01:59:31 397] tts        557  get audio|use local  
[2019/03/22 01:59:31 397] tts        599  0  nil  1  
[2019/03/22 01:59:31 397] tts        792  TTS_MSG_GETAUDIO  0  
[2019/03/22 01:59:31 397] tts        557  get audio|use local  
[2019/03/22 01:59:31 397] tts        599  0  nil  1  
[2019/03/22 01:59:31 397] tts        792  TTS_MSG_GETAUDIO  0  
[2019/03/22 01:59:31 397] tts        557  get audio|use local  
[2019/03/22 01:59:31 397] tts        599  0  nil  1  
[2019/03/22 01:59:31 397] tts        792  TTS_MSG_GETAUDIO  0  
[2019/03/22 01:59:31 397] tts        557  get audio|use local  
[2019/03/22 01:59:31 397] tts        599  0  nil  1  
[2019/03/22 01:59:31 397] tts        792  TTS_MSG_GETAUDIO  0  
[2019/03/22 01:59:31 397] tts        557  get audio|use local  
[2019/03/22 01:59:31 397] tts        599  0  nil  1  
[2019/03/22 01:59:31 397] tts        792  TTS_MSG_GETAUDIO  0  
[2019/03/22 01:59:31 397] tts        557  get audio|use local  
[2019/03/22 01:59:31 397] tts        599  0  nil  1  
[2019/03/22 01:59:31 398] tts        792  TTS_MSG_GETAUDIO  0  
[2019/03/22 01:59:31 398] tts        557  get audio|use local  
[2019/03/22 01:59:31 398] tts        599  0  nil  1  
[2019/03/22 01:59:31 399] tts        317  TTS_LOCAL_CB_OUTPUT  101  udata(a8062a48) 54  
[2019/03/22 01:59:31 399] tts        321  udata(a8062a48) 54  
[2019/03/22 01:59:31 400] tts        792  TTS_MSG_GETAUDIO  0  
[2019/03/22 01:59:31 400] tts        557  get audio|use local  
[2019/03/22 01:59:31 400] tts        570  local audiolen:  10810  ,ced:  54  
[2019/03/22 01:59:31 400] tts        599  0  udata(a8025608) 1  
[2019/03/22 01:59:31 400] tts        792  TTS_MSG_GETAUDIO  0  
[2019/03/22 01:59:31 400] tts        557  get audio|use local  
[2019/03/22 01:59:31 400] tts        599  0  nil  1  
[2019/03/22 01:59:31 400] tts        792  TTS_MSG_GETAUDIO  0  
[2019/03/22 01:59:31 400] tts        557  get audio|use local  
[2019/03/22 01:59:31 401] tts        599  0  nil  1  
[2019/03/22 01:59:31 401] tts        792  TTS_MSG_GETAUDIO  0  
[2019/03/22 01:59:31 401] tts        557  get audio|use local  
[2019/03/22 01:59:31 401] tts        599  0  nil  1  
[2019/03/22 01:59:31 401] tts        792  TTS_MSG_GETAUDIO  0  
[2019/03/22 01:59:31 401] tts        557  get audio|use local  
[2019/03/22 01:59:31 401] tts        599  0  nil  1  
[2019/03/22 01:59:31 401] tts        792  TTS_MSG_GETAUDIO  0  
[2019/03/22 01:59:31 401] tts        557  get audio|use local  
[2019/03/22 01:59:31 401] tts        599  0  nil  1  
[2019/03/22 01:59:31 401] tts        792  TTS_MSG_GETAUDIO  0  
[2019/03/22 01:59:31 401] tts        557  get audio|use local  
[2019/03/22 01:59:31 401] tts        599  0  nil  1  
[2019/03/22 01:59:31 404] tts        317  TTS_LOCAL_CB_OUTPUT  101  udata(a8025658) 54  
[2019/03/22 01:59:31 404] tts        321  udata(a8025658) 54  
[2019/03/22 01:59:31 404] tts        792  TTS_MSG_GETAUDIO  0  
[2019/03/22 01:59:31 404] tts        557  get audio|use local  
[2019/03/22 01:59:31 404] tts        570  local audiolen:  6828  ,ced:  54  
[2019/03/22 01:59:31 404] tts        599  0  udata(a8025758) 1  
[2019/03/22 01:59:31 404] tts        792  TTS_MSG_GETAUDIO  0  
[2019/03/22 01:59:31 404] tts        557  get audio|use local  
[2019/03/22 01:59:31 404] tts        599  0  nil  1  
[2019/03/22 01:59:31 404] tts        792  TTS_MSG_GETAUDIO  0  
[2019/03/22 01:59:31 404] tts        557  get audio|use local  
[2019/03/22 01:59:31 404] tts        599  0  nil  1  
[2019/03/22 01:59:31 404] tts        792  TTS_MSG_GETAUDIO  0  
[2019/03/22 01:59:31 404] tts        557  get audio|use local  
[2019/03/22 01:59:31 404] tts        599  0  nil  1  
[2019/03/22 01:59:31 404] tts        792  TTS_MSG_GETAUDIO  0  
[2019/03/22 01:59:31 404] tts        557  get audio|use local  
[2019/03/22 01:59:31 404] tts        599  0  nil  1  
[2019/03/22 01:59:31 405] tts        792  TTS_MSG_GETAUDIO  0  
[2019/03/22 01:59:31 405] tts        557  get audio|use local  
[2019/03/22 01:59:31 405] tts        599  0  nil  1  
[2019/03/22 01:59:31 405] tts        792  TTS_MSG_GETAUDIO  0  
[2019/03/22 01:59:31 405] tts        557  get audio|use local  
[2019/03/22 01:59:31 405] tts        599  0  nil  1  
[2019/03/22 01:59:31 405] tts        792  TTS_MSG_GETAUDIO  0  
[2019/03/22 01:59:31 405] tts        557  get audio|use local  
[2019/03/22 01:59:31 405] tts        599  0  nil  1  
[2019/03/22 01:59:31 405] tts        792  TTS_MSG_GETAUDIO  0  
[2019/03/22 01:59:31 405] tts        557  get audio|use local  
[2019/03/22 01:59:31 405] tts        599  0  nil  1  
[2019/03/22 01:59:31 405] tts        792  TTS_MSG_GETAUDIO  0  
[2019/03/22 01:59:31 405] tts        557  get audio|use local  
[2019/03/22 01:59:31 405] tts        599  0  nil  1  
[2019/03/22 01:59:31 405] tts        792  TTS_MSG_GETAUDIO  0  
[2019/03/22 01:59:31 405] tts        557  get audio|use local  
[2019/03/22 01:59:31 405] tts        599  0  nil  1  
[2019/03/22 01:59:31 406] tts        792  TTS_MSG_GETAUDIO  0  
[2019/03/22 01:59:31 406] tts        557  get audio|use local  
[2019/03/22 01:59:31 406] tts        599  0  nil  1  
[2019/03/22 01:59:31 406] tts        792  TTS_MSG_GETAUDIO  0  
[2019/03/22 01:59:31 406] tts        557  get audio|use local  
[2019/03/22 01:59:31 406] tts        599  0  nil  1  
[2019/03/22 01:59:31 406] tts        792  TTS_MSG_GETAUDIO  0  
[2019/03/22 01:59:31 406] tts        557  get audio|use local  
[2019/03/22 01:59:31 406] tts        599  0  nil  1  
[2019/03/22 01:59:31 406] tts        792  TTS_MSG_GETAUDIO  0  
[2019/03/22 01:59:31 406] tts        557  get audio|use local  
[2019/03/22 01:59:31 406] tts        599  0  nil  1  
[2019/03/22 01:59:31 406] tts        792  TTS_MSG_GETAUDIO  0  
[2019/03/22 01:59:31 406] tts        557  get audio|use local  
[2019/03/22 01:59:31 406] tts        599  0  nil  1  
[2019/03/22 01:59:31 407] tts        792  TTS_MSG_GETAUDIO  0  
[2019/03/22 01:59:31 407] tts        557  get audio|use local  
[2019/03/22 01:59:31 407] tts        599  0  nil  1  
[2019/03/22 01:59:31 407] tts        792  TTS_MSG_GETAUDIO  0  
[2019/03/22 01:59:31 407] tts        557  get audio|use local  
[2019/03/22 01:59:31 407] tts        599  0  nil  1  
[2019/03/22 01:59:31 407] tts        792  TTS_MSG_GETAUDIO  0  
[2019/03/22 01:59:31 407] tts        557  get audio|use local  
[2019/03/22 01:59:31 407] tts        599  0  nil  1  
[2019/03/22 01:59:31 408] tts        792  TTS_MSG_GETAUDIO  0  
[2019/03/22 01:59:31 408] tts        557  get audio|use local  
[2019/03/22 01:59:31 408] tts        599  0  nil  1  
[2019/03/22 01:59:31 408] tts        792  TTS_MSG_GETAUDIO  0  
[2019/03/22 01:59:31 408] tts        557  get audio|use local  
[2019/03/22 01:59:31 408] tts        599  0  nil  1  
[2019/03/22 01:59:31 409] tts        317  TTS_LOCAL_CB_OUTPUT  101  udata(a80257a8) 54  
[2019/03/22 01:59:31 409] tts        321  udata(a80257a8) 54  
[2019/03/22 01:59:31 409] tts        792  TTS_MSG_GETAUDIO  0  
[2019/03/22 01:59:31 409] tts        557  get audio|use local  
[2019/03/22 01:59:31 409] tts        570  local audiolen:  7252  ,ced:  54  
[2019/03/22 01:59:31 409] tts        599  0  udata(a800a668) 1  
[2019/03/22 01:59:31 409] tts        792  TTS_MSG_GETAUDIO  0  
[2019/03/22 01:59:31 409] tts        557  get audio|use local  
[2019/03/22 01:59:31 409] tts        599  0  nil  1  
[2019/03/22 01:59:31 409] tts        792  TTS_MSG_GETAUDIO  0  
[2019/03/22 01:59:31 409] tts        557  get audio|use local  
[2019/03/22 01:59:31 409] tts        599  0  nil  1  
[2019/03/22 01:59:31 410] tts        792  TTS_MSG_GETAUDIO  0  
[2019/03/22 01:59:31 410] tts        557  get audio|use local  
[2019/03/22 01:59:31 410] tts        599  0  nil  1  
[2019/03/22 01:59:31 410] tts        792  TTS_MSG_GETAUDIO  0  
[2019/03/22 01:59:31 410] tts        557  get audio|use local  
[2019/03/22 01:59:31 410] tts        599  0  nil  1  
[2019/03/22 01:59:31 410] tts        792  TTS_MSG_GETAUDIO  0  
[2019/03/22 01:59:31 410] tts        557  get audio|use local  
[2019/03/22 01:59:31 410] tts        599  0  nil  1  
[2019/03/22 01:59:31 410] tts        792  TTS_MSG_GETAUDIO  0  
[2019/03/22 01:59:31 410] tts        557  get audio|use local  
[2019/03/22 01:59:31 410] tts        599  0  nil  1  
[2019/03/22 01:59:31 411] tts        317  TTS_LOCAL_CB_OUTPUT  101  udata(a800a6b8) 54  
[2019/03/22 01:59:31 411] tts        321  udata(a800a6b8) 54  
[2019/03/22 01:59:31 411] tts        792  TTS_MSG_GETAUDIO  0  
[2019/03/22 01:59:31 411] tts        557  get audio|use local  
[2019/03/22 01:59:31 411] tts        570  local audiolen:  3992  ,ced:  54  
[2019/03/22 01:59:31 411] tts        599  0  udata(a800a7b8) 1  
[2019/03/22 01:59:31 411] tts        792  TTS_MSG_GETAUDIO  0  
[2019/03/22 01:59:31 411] tts        557  get audio|use local  
[2019/03/22 01:59:31 411] tts        599  0  nil  1  
[2019/03/22 01:59:31 411] tts        792  TTS_MSG_GETAUDIO  0  
[2019/03/22 01:59:31 412] tts        557  get audio|use local  
[2019/03/22 01:59:31 412] tts        599  0  nil  1  
[2019/03/22 01:59:31 412] tts        792  TTS_MSG_GETAUDIO  0  
[2019/03/22 01:59:31 412] tts        557  get audio|use local  
[2019/03/22 01:59:31 412] tts        599  0  nil  1  
[2019/03/22 01:59:31 412] tts        792  TTS_MSG_GETAUDIO  0  
[2019/03/22 01:59:31 412] tts        557  get audio|use local  
[2019/03/22 01:59:31 412] tts        599  0  nil  1  
[2019/03/22 01:59:31 412] tts        792  TTS_MSG_GETAUDIO  0  
[2019/03/22 01:59:31 412] tts        557  get audio|use local  
[2019/03/22 01:59:31 412] tts        599  0  nil  1  
[2019/03/22 01:59:31 412] tts        792  TTS_MSG_GETAUDIO  0  
[2019/03/22 01:59:31 412] tts        557  get audio|use local  
[2019/03/22 01:59:31 412] tts        599  0  nil  1  
[2019/03/22 01:59:31 412] tts        792  TTS_MSG_GETAUDIO  0  
[2019/03/22 01:59:31 412] tts        557  get audio|use local  
[2019/03/22 01:59:31 412] tts        599  0  nil  1  
[2019/03/22 01:59:31 414] tts        317  TTS_LOCAL_CB_OUTPUT  101  udata(a800a808) 54  
[2019/03/22 01:59:31 414] tts        321  udata(a800a808) 54  
[2019/03/22 01:59:31 414] tts        792  TTS_MSG_GETAUDIO  0  
[2019/03/22 01:59:31 415] tts        557  get audio|use local  
[2019/03/22 01:59:31 415] tts        570  local audiolen:  8808  ,ced:  54  
[2019/03/22 01:59:31 415] tts        599  0  udata(a800a908) 1  
[2019/03/22 01:59:31 415] tts        792  TTS_MSG_GETAUDIO  0  
[2019/03/22 01:59:31 415] tts        557  get audio|use local  
[2019/03/22 01:59:31 415] tts        599  0  nil  1  
[2019/03/22 01:59:31 415] tts        792  TTS_MSG_GETAUDIO  0  
[2019/03/22 01:59:31 415] tts        557  get audio|use local  
[2019/03/22 01:59:31 415] tts        599  0  nil  1  
[2019/03/22 01:59:31 415] tts        792  TTS_MSG_GETAUDIO  0  
[2019/03/22 01:59:31 415] tts        557  get audio|use local  
[2019/03/22 01:59:31 415] tts        599  0  nil  1  
[2019/03/22 01:59:31 415] tts        792  TTS_MSG_GETAUDIO  0  
[2019/03/22 01:59:31 415] tts        557  get audio|use local  
[2019/03/22 01:59:31 415] tts        599  0  nil  1  
[2019/03/22 01:59:31 415] tts        792  TTS_MSG_GETAUDIO  0  
[2019/03/22 01:59:31 415] tts        557  get audio|use local  
[2019/03/22 01:59:31 415] tts        599  0  nil  1  
[2019/03/22 01:59:31 415] tts        792  TTS_MSG_GETAUDIO  0  
[2019/03/22 01:59:31 416] tts        557  get audio|use local  
[2019/03/22 01:59:31 416] tts        599  0  nil  1  
[2019/03/22 01:59:31 416] tts        792  TTS_MSG_GETAUDIO  0  
[2019/03/22 01:59:31 416] tts        557  get audio|use local  
[2019/03/22 01:59:31 416] tts        599  0  nil  1  
[2019/03/22 01:59:31 416] tts        792  TTS_MSG_GETAUDIO  0  
[2019/03/22 01:59:31 416] tts        557  get audio|use local  
[2019/03/22 01:59:31 416] tts        599  0  nil  1  
[2019/03/22 01:59:31 416] tts        792  TTS_MSG_GETAUDIO  0  
[2019/03/22 01:59:31 416] tts        557  get audio|use local  
[2019/03/22 01:59:31 416] tts        599  0  nil  1  
[2019/03/22 01:59:31 416] tts        792  TTS_MSG_GETAUDIO  0  
[2019/03/22 01:59:31 416] tts        557  get audio|use local  
[2019/03/22 01:59:31 416] tts        599  0  nil  1  
[2019/03/22 01:59:31 416] tts        792  TTS_MSG_GETAUDIO  0  
[2019/03/22 01:59:31 416] tts        557  get audio|use local  
[2019/03/22 01:59:31 416] tts        599  0  nil  1  
[2019/03/22 01:59:31 416] tts        792  TTS_MSG_GETAUDIO  0  
[2019/03/22 01:59:31 416] tts        557  get audio|use local  
[2019/03/22 01:59:31 416] tts        599  0  nil  1  
[2019/03/22 01:59:31 416] tts        792  TTS_MSG_GETAUDIO  0  
[2019/03/22 01:59:31 416] tts        557  get audio|use local  
[2019/03/22 01:59:31 417] tts        599  0  nil  1  
[2019/03/22 01:59:31 417] tts        792  TTS_MSG_GETAUDIO  0  
[2019/03/22 01:59:31 417] tts        557  get audio|use local  
[2019/03/22 01:59:31 417] tts        599  0  nil  1  
[2019/03/22 01:59:31 417] tts        792  TTS_MSG_GETAUDIO  0  
[2019/03/22 01:59:31 417] tts        557  get audio|use local  
[2019/03/22 01:59:31 417] tts        599  0  nil  1  
[2019/03/22 01:59:31 417] tts        792  TTS_MSG_GETAUDIO  0  
[2019/03/22 01:59:31 417] tts        557  get audio|use local  
[2019/03/22 01:59:31 417] tts        599  0  nil  1  
[2019/03/22 01:59:31 417] tts        792  TTS_MSG_GETAUDIO  0  
[2019/03/22 01:59:31 417] tts        557  get audio|use local  
[2019/03/22 01:59:31 417] tts        599  0  nil  1  
[2019/03/22 01:59:31 417] tts        792  TTS_MSG_GETAUDIO  0  
[2019/03/22 01:59:31 417] tts        557  get audio|use local  
[2019/03/22 01:59:31 417] tts        599  0  nil  1  
[2019/03/22 01:59:31 417] tts        792  TTS_MSG_GETAUDIO  0  
[2019/03/22 01:59:31 417] tts        557  get audio|use local  
[2019/03/22 01:59:31 417] tts        599  0  nil  1  
[2019/03/22 01:59:31 418] tts        317  TTS_LOCAL_CB_OUTPUT  101  udata(a8061a98) 54  
[2019/03/22 01:59:31 418] tts        321  udata(a8061a98) 54  
[2019/03/22 01:59:31 418] tts        792  TTS_MSG_GETAUDIO  0  
[2019/03/22 01:59:31 418] tts        557  get audio|use local  
[2019/03/22 01:59:31 419] tts        570  local audiolen:  3884  ,ced:  54  
[2019/03/22 01:59:31 419] tts        599  0  udata(a8024b88) 1  
[2019/03/22 01:59:31 422] tts        317  TTS_LOCAL_CB_OUTPUT  101  udata(a8024bd8) 54  
[2019/03/22 01:59:31 422] tts        321  udata(a8024bd8) 54  
[2019/03/22 01:59:31 422] tts        303  0  0  
[2019/03/22 01:59:31 422] tts        314  TTS_LOCAL_CB_END,  2  
[2019/03/22 01:59:31 422] tts        792  TTS_MSG_GETAUDIO  0  
[2019/03/22 01:59:31 422] tts        557  get audio|use local  
[2019/03/22 01:59:31 422] tts        570  local audiolen:  8310  ,ced:  54  
[2019/03/22 01:59:31 422] tts        599  0  udata(a8024f38) 2  
[2019/03/22 01:59:31 423] tts        795  TTS_MSG_SSE  
[2019/03/22 01:59:31 423] tts        693  sse|use local  
[2019/03/22 01:59:31 429] tts        711  tts exit  
[2019/03/22 01:59:31 429] tts        802  SYS_MSG_UNLOAD  
