============================================================
Time  2019/03/21 23:24:45 184 
============================================================
[2019/03/21 23:24:45 186] lgi        684  SYS_MSG_LOAD  
[2019/03/21 23:24:45 192] lgi        706  SYS_MSG_REGCB  msp_status_cb  func(30013960) 
[2019/03/21 23:24:45 200] lgi        298  LGI_MSG_INIT  
[2019/03/21 23:24:45 201] lgi        305  lgi  lgi_  268436457  1552287548  
[2019/03/21 23:24:45 203] lgi        347  work_dir  .  
[2019/03/21 23:24:45 207] lgi        403  token:  nil  
[2019/03/21 23:24:45 209] lgi        476  msc cver : 5.0.42.1226  
[2019/03/21 23:24:45 213] lgi        519  ns_enable=  1  
[2019/03/21 23:24:45 215] lgi        531  prot_ver=1  
[2019/03/21 23:24:45 218] lgi        542  prot_type=tcp  
[2019/03/21 23:24:45 227] lgi        693  SYS_MSG_UNLOAD  go bg!  
[2019/03/21 23:24:53 925] lgi        697  SYS_MSG_SHUTDOWN  
============================================================
Time  2019/03/21 23:57:11 297 
============================================================
[2019/03/21 23:57:11 297] lgi        684  SYS_MSG_LOAD  
[2019/03/21 23:57:11 297] lgi        706  SYS_MSG_REGCB  msp_status_cb  func(1c013960) 
[2019/03/21 23:57:11 298] lgi        298  LGI_MSG_INIT  
[2019/03/21 23:57:11 298] lgi        305  lgi  lgi_  268436457  1552287548  
[2019/03/21 23:57:11 298] lgi        347  work_dir  .  
[2019/03/21 23:57:11 298] lgi        403  token:  nil  
[2019/03/21 23:57:11 298] lgi        476  msc cver : 5.0.42.1226  
[2019/03/21 23:57:11 298] lgi        519  ns_enable=  1  
[2019/03/21 23:57:11 298] lgi        531  prot_ver=1  
[2019/03/21 23:57:11 298] lgi        542  prot_type=tcp  
[2019/03/21 23:57:11 298] lgi        693  SYS_MSG_UNLOAD  go bg!  
[2019/03/21 23:57:12 832] lgi        697  SYS_MSG_SHUTDOWN  
============================================================
Time  2019/03/21 23:57:17 167 
============================================================
[2019/03/21 23:57:17 167] lgi        684  SYS_MSG_LOAD  
[2019/03/21 23:57:17 168] lgi        706  SYS_MSG_REGCB  msp_status_cb  func(18013960) 
[2019/03/21 23:57:17 168] lgi        298  LGI_MSG_INIT  
[2019/03/21 23:57:17 168] lgi        305  lgi  lgi_  268436457  1552287548  
[2019/03/21 23:57:17 168] lgi        347  work_dir  .  
[2019/03/21 23:57:17 168] lgi        403  token:  nil  
[2019/03/21 23:57:17 168] lgi        476  msc cver : 5.0.42.1226  
[2019/03/21 23:57:17 168] lgi        519  ns_enable=  1  
[2019/03/21 23:57:17 168] lgi        531  prot_ver=1  
[2019/03/21 23:57:17 168] lgi        542  prot_type=tcp  
[2019/03/21 23:57:17 171] lgi        693  SYS_MSG_UNLOAD  go bg!  
[2019/03/21 23:57:18 242] lgi        697  SYS_MSG_SHUTDOWN  
============================================================
Time  2019/03/21 23:59:25 221 
============================================================
[2019/03/21 23:59:25 221] lgi        684  SYS_MSG_LOAD  
[2019/03/21 23:59:25 222] lgi        706  SYS_MSG_REGCB  msp_status_cb  func(44013960) 
[2019/03/21 23:59:25 222] lgi        298  LGI_MSG_INIT  
[2019/03/21 23:59:25 222] lgi        305  lgi  lgi_  268436457  1552287548  
[2019/03/21 23:59:25 222] lgi        347  work_dir  .  
[2019/03/21 23:59:25 222] lgi        403  token:  nil  
[2019/03/21 23:59:25 222] lgi        476  msc cver : 5.0.42.1226  
[2019/03/21 23:59:25 222] lgi        519  ns_enable=  1  
[2019/03/21 23:59:25 222] lgi        531  prot_ver=1  
[2019/03/21 23:59:25 222] lgi        542  prot_type=tcp  
[2019/03/21 23:59:25 223] lgi        693  SYS_MSG_UNLOAD  go bg!  
[2019/03/21 23:59:26 532] lgi        697  SYS_MSG_SHUTDOWN  
============================================================
Time  2019/03/21 23:59:55 872 
============================================================
[2019/03/21 23:59:55 872] lgi        684  SYS_MSG_LOAD  
[2019/03/21 23:59:55 873] lgi        706  SYS_MSG_REGCB  msp_status_cb  func(18013960) 
[2019/03/21 23:59:55 873] lgi        298  LGI_MSG_INIT  
[2019/03/21 23:59:55 873] lgi        305  lgi  lgi_  268436457  1552287548  
[2019/03/21 23:59:55 873] lgi        347  work_dir  .  
[2019/03/21 23:59:55 873] lgi        403  token:  nil  
[2019/03/21 23:59:55 873] lgi        476  msc cver : 5.0.42.1226  
[2019/03/21 23:59:55 873] lgi        519  ns_enable=  1  
[2019/03/21 23:59:55 873] lgi        531  prot_ver=1  
[2019/03/21 23:59:55 873] lgi        542  prot_type=tcp  
[2019/03/21 23:59:55 876] lgi        693  SYS_MSG_UNLOAD  go bg!  
[2019/03/21 23:59:56 860] lgi        697  SYS_MSG_SHUTDOWN  
============================================================
Time  2019/03/22 00:38:16 520 
============================================================
[2019/03/22 00:38:16 520] lgi        684  SYS_MSG_LOAD  
[2019/03/22 00:38:16 520] lgi        706  SYS_MSG_REGCB  msp_status_cb  func(14013960) 
[2019/03/22 00:38:16 521] lgi        298  LGI_MSG_INIT  
[2019/03/22 00:38:16 521] lgi        305  lgi  lgi_  268436457  1552287548  
[2019/03/22 00:38:16 521] lgi        347  work_dir  .  
[2019/03/22 00:38:16 521] lgi        403  token:  nil  
[2019/03/22 00:38:16 521] lgi        476  msc cver : 5.0.42.1226  
[2019/03/22 00:38:16 521] lgi        519  ns_enable=  1  
[2019/03/22 00:38:16 521] lgi        531  prot_ver=1  
[2019/03/22 00:38:16 521] lgi        542  prot_type=tcp  
[2019/03/22 00:38:16 521] lgi        693  SYS_MSG_UNLOAD  go bg!  
============================================================
Time  2019/03/22 00:52:25 386 
============================================================
[2019/03/22 00:52:25 386] lgi        684  SYS_MSG_LOAD  
[2019/03/22 00:52:25 387] lgi        706  SYS_MSG_REGCB  msp_status_cb  func(34013960) 
[2019/03/22 00:52:25 387] lgi        298  LGI_MSG_INIT  
[2019/03/22 00:52:25 387] lgi        305  lgi  lgi_  268436457  1552287548  
[2019/03/22 00:52:25 387] lgi        347  work_dir  .  
[2019/03/22 00:52:25 387] lgi        403  token:  nil  
[2019/03/22 00:52:25 387] lgi        476  msc cver : 5.0.42.1226  
[2019/03/22 00:52:25 387] lgi        519  ns_enable=  1  
[2019/03/22 00:52:25 387] lgi        531  prot_ver=1  
[2019/03/22 00:52:25 387] lgi        542  prot_type=tcp  
[2019/03/22 00:52:25 388] lgi        693  SYS_MSG_UNLOAD  go bg!  
============================================================
Time  2019/03/22 00:58:34 310 
============================================================
[2019/03/22 00:58:34 310] lgi        684  SYS_MSG_LOAD  
[2019/03/22 00:58:34 315] lgi        706  SYS_MSG_REGCB  msp_status_cb  func(1c013960) 
[2019/03/22 00:58:34 315] lgi        298  LGI_MSG_INIT  
[2019/03/22 00:58:34 316] lgi        305  lgi  lgi_  268436457  1552287548  
[2019/03/22 00:58:34 316] lgi        347  work_dir  .  
[2019/03/22 00:58:34 316] lgi        403  token:  nil  
[2019/03/22 00:58:34 316] lgi        476  msc cver : 5.0.42.1226  
[2019/03/22 00:58:34 316] lgi        519  ns_enable=  1  
[2019/03/22 00:58:34 316] lgi        531  prot_ver=1  
[2019/03/22 00:58:34 316] lgi        542  prot_type=tcp  
[2019/03/22 00:58:34 316] lgi        693  SYS_MSG_UNLOAD  go bg!  
============================================================
Time  2019/03/22 01:26:02 108 
============================================================
[2019/03/22 01:26:02 108] lgi        684  SYS_MSG_LOAD  
[2019/03/22 01:26:02 109] lgi        706  SYS_MSG_REGCB  msp_status_cb  func(24013960) 
[2019/03/22 01:26:02 109] lgi        298  LGI_MSG_INIT  
[2019/03/22 01:26:02 109] lgi        305  lgi  lgi_  268436457  1552287548  
[2019/03/22 01:26:02 109] lgi        347  work_dir  .  
[2019/03/22 01:26:02 109] lgi        403  token:  nil  
[2019/03/22 01:26:02 109] lgi        476  msc cver : 5.0.42.1226  
[2019/03/22 01:26:02 109] lgi        519  ns_enable=  1  
[2019/03/22 01:26:02 109] lgi        531  prot_ver=1  
[2019/03/22 01:26:02 109] lgi        542  prot_type=tcp  
[2019/03/22 01:26:02 109] lgi        693  SYS_MSG_UNLOAD  go bg!  
============================================================
Time  2019/03/22 01:43:14 049 
============================================================
[2019/03/22 01:43:14 049] lgi        684  SYS_MSG_LOAD  
[2019/03/22 01:43:14 049] lgi        706  SYS_MSG_REGCB  msp_status_cb  func(d4013960) 
[2019/03/22 01:43:14 049] lgi        298  LGI_MSG_INIT  
[2019/03/22 01:43:14 049] lgi        305  lgi  lgi_  268436457  1552287548  
[2019/03/22 01:43:14 049] lgi        347  work_dir  .  
[2019/03/22 01:43:14 049] lgi        403  token:  nil  
[2019/03/22 01:43:14 049] lgi        476  msc cver : 5.0.42.1226  
[2019/03/22 01:43:14 049] lgi        519  ns_enable=  1  
[2019/03/22 01:43:14 049] lgi        531  prot_ver=1  
[2019/03/22 01:43:14 049] lgi        542  prot_type=tcp  
[2019/03/22 01:43:14 050] lgi        693  SYS_MSG_UNLOAD  go bg!  
============================================================
Time  2019/03/22 01:55:07 977 
============================================================
[2019/03/22 01:55:07 977] lgi        684  SYS_MSG_LOAD  
[2019/03/22 01:55:07 978] lgi        706  SYS_MSG_REGCB  msp_status_cb  func(ac013960) 
[2019/03/22 01:55:07 978] lgi        298  LGI_MSG_INIT  
[2019/03/22 01:55:07 978] lgi        305  lgi  lgi_  268436457  1552287548  
[2019/03/22 01:55:07 978] lgi        347  work_dir  .  
[2019/03/22 01:55:07 979] lgi        403  token:  nil  
[2019/03/22 01:55:07 979] lgi        476  msc cver : 5.0.42.1226  
[2019/03/22 01:55:07 979] lgi        519  ns_enable=  1  
[2019/03/22 01:55:07 979] lgi        531  prot_ver=1  
[2019/03/22 01:55:07 979] lgi        542  prot_type=tcp  
[2019/03/22 01:55:07 979] lgi        693  SYS_MSG_UNLOAD  go bg!  
============================================================
Time  2019/03/22 02:01:40 633 
============================================================
[2019/03/22 02:01:40 633] lgi        684  SYS_MSG_LOAD  
[2019/03/22 02:01:40 633] lgi        706  SYS_MSG_REGCB  msp_status_cb  func(48013960) 
[2019/03/22 02:01:40 634] lgi        298  LGI_MSG_INIT  
[2019/03/22 02:01:40 634] lgi        305  lgi  lgi_  268436457  1552287548  
[2019/03/22 02:01:40 634] lgi        347  work_dir  .  
[2019/03/22 02:01:40 634] lgi        403  token:  nil  
[2019/03/22 02:01:40 635] lgi        476  msc cver : 5.0.42.1226  
[2019/03/22 02:01:40 635] lgi        519  ns_enable=  1  
[2019/03/22 02:01:40 635] lgi        531  prot_ver=1  
[2019/03/22 02:01:40 635] lgi        542  prot_type=tcp  
[2019/03/22 02:01:40 635] lgi        693  SYS_MSG_UNLOAD  go bg!  
============================================================
Time  2019/03/22 02:02:52 659 
============================================================
[2019/03/22 02:02:52 659] lgi        684  SYS_MSG_LOAD  
[2019/03/22 02:02:52 660] lgi        706  SYS_MSG_REGCB  msp_status_cb  func(c8013960) 
[2019/03/22 02:02:52 660] lgi        298  LGI_MSG_INIT  
[2019/03/22 02:02:52 660] lgi        305  lgi  lgi_  268436457  1552287548  
[2019/03/22 02:02:52 660] lgi        347  work_dir  .  
[2019/03/22 02:02:52 660] lgi        403  token:  nil  
[2019/03/22 02:02:52 660] lgi        476  msc cver : 5.0.42.1226  
[2019/03/22 02:02:52 660] lgi        519  ns_enable=  1  
[2019/03/22 02:02:52 660] lgi        531  prot_ver=1  
[2019/03/22 02:02:52 660] lgi        542  prot_type=tcp  
[2019/03/22 02:02:52 660] lgi        693  SYS_MSG_UNLOAD  go bg!  
============================================================
Time  2019/03/22 02:04:06 878 
============================================================
[2019/03/22 02:04:06 878] lgi        684  SYS_MSG_LOAD  
[2019/03/22 02:04:06 879] lgi        706  SYS_MSG_REGCB  msp_status_cb  func(4013960) 
[2019/03/22 02:04:06 879] lgi        298  LGI_MSG_INIT  
[2019/03/22 02:04:06 879] lgi        305  lgi  lgi_  268436457  1552287548  
[2019/03/22 02:04:06 879] lgi        347  work_dir  .  
[2019/03/22 02:04:06 879] lgi        403  token:  nil  
[2019/03/22 02:04:06 879] lgi        476  msc cver : 5.0.42.1226  
[2019/03/22 02:04:06 879] lgi        519  ns_enable=  1  
[2019/03/22 02:04:06 879] lgi        531  prot_ver=1  
[2019/03/22 02:04:06 879] lgi        542  prot_type=tcp  
[2019/03/22 02:04:06 879] lgi        693  SYS_MSG_UNLOAD  go bg!  
============================================================
Time  2019/03/22 02:06:44 274 
============================================================
[2019/03/22 02:06:44 274] lgi        684  SYS_MSG_LOAD  
[2019/03/22 02:06:44 275] lgi        706  SYS_MSG_REGCB  msp_status_cb  func(f8013960) 
[2019/03/22 02:06:44 275] lgi        298  LGI_MSG_INIT  
[2019/03/22 02:06:44 276] lgi        305  lgi  lgi_  268436457  1552287548  
[2019/03/22 02:06:44 276] lgi        347  work_dir  .  
[2019/03/22 02:06:44 276] lgi        403  token:  nil  
[2019/03/22 02:06:44 276] lgi        476  msc cver : 5.0.42.1226  
[2019/03/22 02:06:44 276] lgi        519  ns_enable=  1  
[2019/03/22 02:06:44 276] lgi        531  prot_ver=1  
[2019/03/22 02:06:44 276] lgi        542  prot_type=tcp  
[2019/03/22 02:06:44 276] lgi        693  SYS_MSG_UNLOAD  go bg!  
